#
# There is insufficient memory for the Java Runtime Environment to continue.
# Native memory allocation (malloc) failed to allocate 573296 bytes for Chunk::new
# Possible reasons:
#   The system is out of physical RAM or swap space
#   The process is running with CompressedOops enabled, and the Java Heap may be blocking the growth of the native heap
# Possible solutions:
#   Reduce memory load on the system
#   Increase physical memory or swap space
#   Check if swap backing store is full
#   Decrease Java heap size (-Xmx/-Xms)
#   Decrease number of Java threads
#   Decrease Java thread stack sizes (-Xss)
#   Set larger code cache with -XX:ReservedCodeCacheSize=
#   JVM is running with Unscaled Compressed Oops mode in which the Java heap is
#     placed in the first 4GB address space. The Java Heap base address is the
#     maximum limit for the native heap growth. Please use -XX:HeapBaseMinAddress
#     to set the Java Heap base and to place the Java Heap above 4GB virtual address.
# This output file may be truncated or incomplete.
#
#  Out of Memory Error (./src/hotspot/share/memory/arena.cpp:197), pid=14312, tid=15604
#
# JRE version: OpenJDK Runtime Environment (11.0.13) (build 11.0.13+0-b1751.21-8125866)
# Java VM: OpenJDK 64-Bit Server VM (11.0.13+0-b1751.21-8125866, mixed mode, tiered, compressed oops, g1 gc, windows-amd64)
# No core dump will be written. Minidumps are not enabled by default on client versions of Windows
#

---------------  S U M M A R Y ------------

Command Line: org.jetbrains.kotlin.cli.jvm.K2JVMCompiler @C:\Users\Rohit Sah\AndroidStudioProjects\classkr(2)\app\build\20230227_1381061362005679783.compiler.options

Host: Intel(R) Core(TM) i3-8145U CPU @ 2.10GHz, 4 cores, 3G,  Windows 11 , 64 bit Build 22621 (10.0.22621.1194)
Time: Mon Feb 27 18:11:06 2023 India Standard Time elapsed time: 15.211288 seconds (0d 0h 0m 15s)

---------------  T H R E A D  ---------------

Current thread (0x000001ff802ad800):  JavaThread "C2 CompilerThread0" daemon [_thread_in_native, id=15604, stack(0x000000d73ac00000,0x000000d73ad00000)]


Current CompileTask:
C2:  15211 3343       4       java.net.URLStreamHandler::toExternalForm (156 bytes)

Stack: [0x000000d73ac00000,0x000000d73ad00000]
Native frames: (J=compiled Java code, j=interpreted, Vv=VM code, C=native code)
V  [jvm.dll+0x6100fa]
V  [jvm.dll+0x747090]
V  [jvm.dll+0x7486ad]
V  [jvm.dll+0x748d83]
V  [jvm.dll+0x24ab48]
V  [jvm.dll+0xc04dc]
V  [jvm.dll+0xc0a0c]
V  [jvm.dll+0x35eb9d]
V  [jvm.dll+0x32b833]
V  [jvm.dll+0x32ad2a]
V  [jvm.dll+0x2032b2]
V  [jvm.dll+0x202437]
V  [jvm.dll+0x188e01]
V  [jvm.dll+0x21106b]
V  [jvm.dll+0x20f8c1]
V  [jvm.dll+0x70de0f]
V  [jvm.dll+0x706a75]
V  [jvm.dll+0x60ed66]
C  [ucrtbase.dll+0x29363]
C  [KERNEL32.DLL+0x126bd]
C  [ntdll.dll+0x5dfb8]


---------------  P R O C E S S  ---------------

Threads class SMR info:
_java_thread_list=0x000001ff80d6eb60, length=10, elements={
0x000001ffe8da6800, 0x000001ff80285000, 0x000001ff80290000, 0x000001ff802a5000,
0x000001ff802ab000, 0x000001ff802ac800, 0x000001ff802ad800, 0x000001ff802f0800,
0x000001ff802f4000, 0x000001ff80d7b800
}

Java Threads: ( => current thread )
  0x000001ffe8da6800 JavaThread "main" [_thread_in_Java, id=8216, stack(0x000000d73a000000,0x000000d73a100000)]
  0x000001ff80285000 JavaThread "Reference Handler" daemon [_thread_blocked, id=6476, stack(0x000000d73a700000,0x000000d73a800000)]
  0x000001ff80290000 JavaThread "Finalizer" daemon [_thread_blocked, id=6752, stack(0x000000d73a800000,0x000000d73a900000)]
  0x000001ff802a5000 JavaThread "Signal Dispatcher" daemon [_thread_blocked, id=12448, stack(0x000000d73a900000,0x000000d73aa00000)]
  0x000001ff802ab000 JavaThread "Attach Listener" daemon [_thread_blocked, id=12412, stack(0x000000d73aa00000,0x000000d73ab00000)]
  0x000001ff802ac800 JavaThread "Service Thread" daemon [_thread_blocked, id=17328, stack(0x000000d73ab00000,0x000000d73ac00000)]
=>0x000001ff802ad800 JavaThread "C2 CompilerThread0" daemon [_thread_in_native, id=15604, stack(0x000000d73ac00000,0x000000d73ad00000)]
  0x000001ff802f0800 JavaThread "C1 CompilerThread0" daemon [_thread_in_native, id=512, stack(0x000000d73ad00000,0x000000d73ae00000)]
  0x000001ff802f4000 JavaThread "Sweeper thread" daemon [_thread_blocked, id=16024, stack(0x000000d73ae00000,0x000000d73af00000)]
  0x000001ff80d7b800 JavaThread "Common-Cleaner" daemon [_thread_blocked, id=15904, stack(0x000000d73b000000,0x000000d73b100000)]

Other Threads:
  0x000001ff80260800 VMThread "VM Thread" [stack: 0x000000d73a600000,0x000000d73a700000] [id=15852]
  0x000001ff80d77000 WatcherThread [stack: 0x000000d73af00000,0x000000d73b000000] [id=15964]
  0x000001ffe8dc0000 GCTaskThread "GC Thread#0" [stack: 0x000000d73a100000,0x000000d73a200000] [id=4412]
  0x000001ff81110000 GCTaskThread "GC Thread#1" [stack: 0x000000d73b100000,0x000000d73b200000] [id=13440]
  0x000001ffe8dda800 ConcurrentGCThread "G1 Main Marker" [stack: 0x000000d73a200000,0x000000d73a300000] [id=3808]
  0x000001ffe8ddc000 ConcurrentGCThread "G1 Conc#0" [stack: 0x000000d73a300000,0x000000d73a400000] [id=17388]
  0x000001ffe8e27000 ConcurrentGCThread "G1 Refine#0" [stack: 0x000000d73a400000,0x000000d73a500000] [id=14360]
  0x000001ffe8e28800 ConcurrentGCThread "G1 Young RemSet Sampling" [stack: 0x000000d73a500000,0x000000d73a600000] [id=7996]

Threads with active compile tasks:
C2 CompilerThread0  15258 3343       4       java.net.URLStreamHandler::toExternalForm (156 bytes)
C1 CompilerThread0  15258 3375       3       org.jetbrains.kotlin.lexer._JetLexer::advance (2257 bytes)

VM state:not at safepoint (normal execution)

VM Mutex/Monitor currently owned by a thread: None

Heap address: 0x00000000c2400000, size: 988 MB, Compressed Oops mode: 32-bit
Narrow klass base: 0x0000000000000000, Narrow klass shift: 3
Compressed class space size: 1073741824 Address: 0x0000000100000000

Heap:
 garbage-first heap   total 76800K, used 28489K [0x00000000c2400000, 0x0000000100000000)
  region size 1024K, 4 young (4096K), 3 survivors (3072K)
 Metaspace       used 44961K, capacity 45472K, committed 45648K, reserved 1095680K
  class space    used 5311K, capacity 5528K, committed 5632K, reserved 1048576K
Heap Regions: E=young(eden), S=young(survivor), O=old, HS=humongous(starts), HC=humongous(continues), CS=collection set, F=free, A=archive, TAMS=top-at-mark-start (previous, next)
|   0|0x00000000c2400000, 0x00000000c2500000, 0x00000000c2500000|100%|HS|  |TAMS 0x00000000c2500000, 0x00000000c2400000| Complete 
|   1|0x00000000c2500000, 0x00000000c2600000, 0x00000000c2600000|100%|HC|  |TAMS 0x00000000c2600000, 0x00000000c2500000| Complete 
|   2|0x00000000c2600000, 0x00000000c2700000, 0x00000000c2700000|100%|HC|  |TAMS 0x00000000c2700000, 0x00000000c2600000| Complete 
|   3|0x00000000c2700000, 0x00000000c2800000, 0x00000000c2800000|100%|HC|  |TAMS 0x00000000c2800000, 0x00000000c2700000| Complete 
|   4|0x00000000c2800000, 0x00000000c2900000, 0x00000000c2900000|100%| O|  |TAMS 0x00000000c2900000, 0x00000000c2800000| Untracked 
|   5|0x00000000c2900000, 0x00000000c2a00000, 0x00000000c2a00000|100%| O|  |TAMS 0x00000000c2a00000, 0x00000000c2900000| Untracked 
|   6|0x00000000c2a00000, 0x00000000c2b00000, 0x00000000c2b00000|100%| O|  |TAMS 0x00000000c2b00000, 0x00000000c2a00000| Untracked 
|   7|0x00000000c2b00000, 0x00000000c2c00000, 0x00000000c2c00000|100%| O|  |TAMS 0x00000000c2c00000, 0x00000000c2b00000| Untracked 
|   8|0x00000000c2c00000, 0x00000000c2d00000, 0x00000000c2d00000|100%| O|  |TAMS 0x00000000c2d00000, 0x00000000c2c00000| Untracked 
|   9|0x00000000c2d00000, 0x00000000c2e00000, 0x00000000c2e00000|100%| O|  |TAMS 0x00000000c2e00000, 0x00000000c2d00000| Untracked 
|  10|0x00000000c2e00000, 0x00000000c2f00000, 0x00000000c2f00000|100%| O|  |TAMS 0x00000000c2f00000, 0x00000000c2e00000| Untracked 
|  11|0x00000000c2f00000, 0x00000000c3000000, 0x00000000c3000000|100%|HS|  |TAMS 0x00000000c3000000, 0x00000000c2f00000| Complete 
|  12|0x00000000c3000000, 0x00000000c3100000, 0x00000000c3100000|100%|HC|  |TAMS 0x00000000c3100000, 0x00000000c3000000| Complete 
|  13|0x00000000c3100000, 0x00000000c3200000, 0x00000000c3200000|100%|HC|  |TAMS 0x00000000c3200000, 0x00000000c3100000| Complete 
|  14|0x00000000c3200000, 0x00000000c3300000, 0x00000000c3300000|100%|HC|  |TAMS 0x00000000c3300000, 0x00000000c3200000| Complete 
|  15|0x00000000c3300000, 0x00000000c3400000, 0x00000000c3400000|100%| O|  |TAMS 0x00000000c3400000, 0x00000000c3300000| Untracked 
|  16|0x00000000c3400000, 0x00000000c3500000, 0x00000000c3500000|100%| O|  |TAMS 0x00000000c3500000, 0x00000000c3400000| Untracked 
|  17|0x00000000c3500000, 0x00000000c3600000, 0x00000000c3600000|100%| O|  |TAMS 0x00000000c3500000, 0x00000000c3500000| Untracked 
|  18|0x00000000c3600000, 0x00000000c3700000, 0x00000000c3700000|100%| O|  |TAMS 0x00000000c3600000, 0x00000000c3600000| Untracked 
|  19|0x00000000c3700000, 0x00000000c3800000, 0x00000000c3800000|100%| O|  |TAMS 0x00000000c3800000, 0x00000000c3700000| Untracked 
|  20|0x00000000c3800000, 0x00000000c3900000, 0x00000000c3900000|100%| O|  |TAMS 0x00000000c3900000, 0x00000000c3800000| Untracked 
|  21|0x00000000c3900000, 0x00000000c3a00000, 0x00000000c3a00000|100%| O|  |TAMS 0x00000000c3900000, 0x00000000c3900000| Untracked 
|  22|0x00000000c3a00000, 0x00000000c3b00000, 0x00000000c3b00000|100%| O|  |TAMS 0x00000000c3a00000, 0x00000000c3a00000| Untracked 
|  23|0x00000000c3b00000, 0x00000000c3c00000, 0x00000000c3c00000|100%| O|  |TAMS 0x00000000c3b00000, 0x00000000c3b00000| Untracked 
|  24|0x00000000c3c00000, 0x00000000c3d00000, 0x00000000c3d00000|100%| O|  |TAMS 0x00000000c3c00000, 0x00000000c3c00000| Untracked 
|  25|0x00000000c3d00000, 0x00000000c3d86400, 0x00000000c3e00000| 52%| O|  |TAMS 0x00000000c3d00000, 0x00000000c3d00000| Untracked 
|  26|0x00000000c3e00000, 0x00000000c3e00000, 0x00000000c3f00000|  0%| F|  |TAMS 0x00000000c3e00000, 0x00000000c3e00000| Untracked 
|  27|0x00000000c3f00000, 0x00000000c3f00000, 0x00000000c4000000|  0%| F|  |TAMS 0x00000000c3f00000, 0x00000000c3f00000| Untracked 
|  28|0x00000000c4000000, 0x00000000c4000000, 0x00000000c4100000|  0%| F|  |TAMS 0x00000000c4000000, 0x00000000c4000000| Untracked 
|  29|0x00000000c4100000, 0x00000000c4100000, 0x00000000c4200000|  0%| F|  |TAMS 0x00000000c4100000, 0x00000000c4100000| Untracked 
|  30|0x00000000c4200000, 0x00000000c4200000, 0x00000000c4300000|  0%| F|  |TAMS 0x00000000c4200000, 0x00000000c4200000| Untracked 
|  31|0x00000000c4300000, 0x00000000c4300000, 0x00000000c4400000|  0%| F|  |TAMS 0x00000000c4300000, 0x00000000c4300000| Untracked 
|  32|0x00000000c4400000, 0x00000000c4400000, 0x00000000c4500000|  0%| F|  |TAMS 0x00000000c4400000, 0x00000000c4400000| Untracked 
|  33|0x00000000c4500000, 0x00000000c4500000, 0x00000000c4600000|  0%| F|  |TAMS 0x00000000c4500000, 0x00000000c4500000| Untracked 
|  34|0x00000000c4600000, 0x00000000c4600000, 0x00000000c4700000|  0%| F|  |TAMS 0x00000000c4600000, 0x00000000c4600000| Untracked 
|  35|0x00000000c4700000, 0x00000000c4700000, 0x00000000c4800000|  0%| F|  |TAMS 0x00000000c4700000, 0x00000000c4700000| Untracked 
|  36|0x00000000c4800000, 0x00000000c4800000, 0x00000000c4900000|  0%| F|  |TAMS 0x00000000c4800000, 0x00000000c4800000| Untracked 
|  37|0x00000000c4900000, 0x00000000c4900000, 0x00000000c4a00000|  0%| F|  |TAMS 0x00000000c4900000, 0x00000000c4900000| Untracked 
|  38|0x00000000c4a00000, 0x00000000c4a00000, 0x00000000c4b00000|  0%| F|  |TAMS 0x00000000c4a00000, 0x00000000c4a00000| Untracked 
|  39|0x00000000c4b00000, 0x00000000c4b00000, 0x00000000c4c00000|  0%| F|  |TAMS 0x00000000c4b00000, 0x00000000c4b00000| Untracked 
|  40|0x00000000c4c00000, 0x00000000c4c00000, 0x00000000c4d00000|  0%| F|  |TAMS 0x00000000c4c00000, 0x00000000c4c00000| Untracked 
|  41|0x00000000c4d00000, 0x00000000c4d00000, 0x00000000c4e00000|  0%| F|  |TAMS 0x00000000c4d00000, 0x00000000c4d00000| Untracked 
|  42|0x00000000c4e00000, 0x00000000c4e00000, 0x00000000c4f00000|  0%| F|  |TAMS 0x00000000c4e00000, 0x00000000c4e00000| Untracked 
|  43|0x00000000c4f00000, 0x00000000c4f4c2d0, 0x00000000c5000000| 29%| S|CS|TAMS 0x00000000c4f00000, 0x00000000c4f00000| Complete 
|  44|0x00000000c5000000, 0x00000000c5100000, 0x00000000c5100000|100%| S|CS|TAMS 0x00000000c5000000, 0x00000000c5000000| Complete 
|  45|0x00000000c5100000, 0x00000000c5200000, 0x00000000c5200000|100%| S|CS|TAMS 0x00000000c5100000, 0x00000000c5100000| Complete 
|  46|0x00000000c5200000, 0x00000000c5200000, 0x00000000c5300000|  0%| F|  |TAMS 0x00000000c5200000, 0x00000000c5200000| Untracked 
|  47|0x00000000c5300000, 0x00000000c5300000, 0x00000000c5400000|  0%| F|  |TAMS 0x00000000c5300000, 0x00000000c5300000| Untracked 
|  48|0x00000000c5400000, 0x00000000c5400000, 0x00000000c5500000|  0%| F|  |TAMS 0x00000000c5400000, 0x00000000c5400000| Untracked 
|  49|0x00000000c5500000, 0x00000000c5500000, 0x00000000c5600000|  0%| F|  |TAMS 0x00000000c5500000, 0x00000000c5500000| Untracked 
|  50|0x00000000c5600000, 0x00000000c5600000, 0x00000000c5700000|  0%| F|  |TAMS 0x00000000c5600000, 0x00000000c5600000| Untracked 
|  51|0x00000000c5700000, 0x00000000c5700000, 0x00000000c5800000|  0%| F|  |TAMS 0x00000000c5700000, 0x00000000c5700000| Untracked 
|  52|0x00000000c5800000, 0x00000000c5800000, 0x00000000c5900000|  0%| F|  |TAMS 0x00000000c5800000, 0x00000000c5800000| Untracked 
|  53|0x00000000c5900000, 0x00000000c5900000, 0x00000000c5a00000|  0%| F|  |TAMS 0x00000000c5900000, 0x00000000c5900000| Untracked 
|  54|0x00000000c5a00000, 0x00000000c5a00000, 0x00000000c5b00000|  0%| F|  |TAMS 0x00000000c5a00000, 0x00000000c5a00000| Untracked 
|  55|0x00000000c5b00000, 0x00000000c5b00000, 0x00000000c5c00000|  0%| F|  |TAMS 0x00000000c5b00000, 0x00000000c5b00000| Untracked 
|  56|0x00000000c5c00000, 0x00000000c5c00000, 0x00000000c5d00000|  0%| F|  |TAMS 0x00000000c5c00000, 0x00000000c5c00000| Untracked 
|  57|0x00000000c5d00000, 0x00000000c5d00000, 0x00000000c5e00000|  0%| F|  |TAMS 0x00000000c5d00000, 0x00000000c5d00000| Untracked 
|  58|0x00000000c5e00000, 0x00000000c5e00000, 0x00000000c5f00000|  0%| F|  |TAMS 0x00000000c5e00000, 0x00000000c5e00000| Untracked 
|  59|0x00000000c5f00000, 0x00000000c5f00000, 0x00000000c6000000|  0%| F|  |TAMS 0x00000000c5f00000, 0x00000000c5f00000| Untracked 
|  60|0x00000000c6000000, 0x00000000c6000000, 0x00000000c6100000|  0%| F|  |TAMS 0x00000000c6000000, 0x00000000c6000000| Untracked 
|  61|0x00000000c6100000, 0x00000000c6100000, 0x00000000c6200000|  0%| F|  |TAMS 0x00000000c6100000, 0x00000000c6100000| Untracked 
|  62|0x00000000c6200000, 0x00000000c6200000, 0x00000000c6300000|  0%| F|  |TAMS 0x00000000c6200000, 0x00000000c6200000| Untracked 
|  63|0x00000000c6300000, 0x00000000c6300000, 0x00000000c6400000|  0%| F|  |TAMS 0x00000000c6300000, 0x00000000c6300000| Untracked 
|  64|0x00000000c6400000, 0x00000000c6400000, 0x00000000c6500000|  0%| F|  |TAMS 0x00000000c6400000, 0x00000000c6400000| Untracked 
|  65|0x00000000c6500000, 0x00000000c6500000, 0x00000000c6600000|  0%| F|  |TAMS 0x00000000c6500000, 0x00000000c6500000| Untracked 
|  66|0x00000000c6600000, 0x00000000c6600000, 0x00000000c6700000|  0%| F|  |TAMS 0x00000000c6600000, 0x00000000c6600000| Untracked 
|  67|0x00000000c6700000, 0x00000000c6700000, 0x00000000c6800000|  0%| F|  |TAMS 0x00000000c6700000, 0x00000000c6700000| Untracked 
|  68|0x00000000c6800000, 0x00000000c6800000, 0x00000000c6900000|  0%| F|  |TAMS 0x00000000c6800000, 0x00000000c6800000| Untracked 
|  69|0x00000000c6900000, 0x00000000c6900000, 0x00000000c6a00000|  0%| F|  |TAMS 0x00000000c6900000, 0x00000000c6900000| Untracked 
|  70|0x00000000c6a00000, 0x00000000c6a00000, 0x00000000c6b00000|  0%| F|  |TAMS 0x00000000c6a00000, 0x00000000c6a00000| Untracked 
|  71|0x00000000c6b00000, 0x00000000c6b00000, 0x00000000c6c00000|  0%| F|  |TAMS 0x00000000c6b00000, 0x00000000c6b00000| Untracked 
|  72|0x00000000c6c00000, 0x00000000c6c00000, 0x00000000c6d00000|  0%| F|  |TAMS 0x00000000c6c00000, 0x00000000c6c00000| Untracked 
|  73|0x00000000c6d00000, 0x00000000c6d00000, 0x00000000c6e00000|  0%| F|  |TAMS 0x00000000c6d00000, 0x00000000c6d00000| Untracked 
|  74|0x00000000c6e00000, 0x00000000c6e7dec0, 0x00000000c6f00000| 49%| E|  |TAMS 0x00000000c6e00000, 0x00000000c6e00000| Complete 

Card table byte_map: [0x000001fffbab0000,0x000001fffbca0000] _byte_map_base: 0x000001fffb49e000

Marking Bits (Prev, Next): (CMBitMap*) 0x000001ffe8dd6108, (CMBitMap*) 0x000001ffe8dd6140
 Prev Bits: [0x000001fffbe90000, 0x000001fffce00000)
 Next Bits: [0x000001fffce00000, 0x000001fffdd70000)

Polling page: 0x000001ffe8580000

Metaspace:

Usage:
  Non-class:     39.01 MB capacity,    38.73 MB (>99%) used,   224.24 KB ( <1%) free+waste,    63.38 KB ( <1%) overhead. 
      Class:      5.40 MB capacity,     5.19 MB ( 96%) used,   188.37 KB (  3%) free+waste,    28.00 KB ( <1%) overhead. 
       Both:     44.41 MB capacity,    43.91 MB ( 99%) used,   412.61 KB ( <1%) free+waste,    91.38 KB ( <1%) overhead. 

Virtual space:
  Non-class space:       46.00 MB reserved,      39.08 MB ( 85%) committed 
      Class space:        1.00 GB reserved,       5.50 MB ( <1%) committed 
             Both:        1.04 GB reserved,      44.58 MB (  4%) committed 

Chunk freelists:
   Non-Class:  72.00 KB
       Class:  8.00 KB
        Both:  80.00 KB

MaxMetaspaceSize: 17179869184.00 GB
CompressedClassSpaceSize: 1.00 GB
Initial GC threshold: 20.80 MB
Current GC threshold: 58.88 MB
CDS: off

CodeHeap 'non-profiled nmethods': size=120064Kb used=1356Kb max_used=1356Kb free=118707Kb
 bounds [0x000001fff4380000, 0x000001fff45f0000, 0x000001fffb8c0000]
CodeHeap 'profiled nmethods': size=120000Kb used=7581Kb max_used=7581Kb free=112418Kb
 bounds [0x000001ffece50000, 0x000001ffed5c0000, 0x000001fff4380000]
CodeHeap 'non-nmethods': size=5696Kb used=1259Kb max_used=1292Kb free=4436Kb
 bounds [0x000001ffec8c0000, 0x000001ffecb30000, 0x000001ffece50000]
 total_blobs=3883 nmethods=3336 adapters=458
 compilation: enabled
              stopped_count=0, restarted_count=0
 full_count=0

Compilation events (20 events):
Event: 15.191 Thread 0x000001ff802f0800 3362       1       org.jetbrains.kotlin.com.intellij.lang.impl.PsiBuilderImpl$StartMarker::access$2400 (5 bytes)
Event: 15.192 Thread 0x000001ff802f0800 nmethod 3362 0x000001fff44d1690 code [0x000001fff44d1840, 0x000001fff44d18d8]
Event: 15.192 Thread 0x000001ff802f0800 3361       3       gnu.trove.THash::postInsertHook (72 bytes)
Event: 15.192 Thread 0x000001ff802f0800 nmethod 3361 0x000001ffed5a4a90 code [0x000001ffed5a4cc0, 0x000001ffed5a5368]
Event: 15.192 Thread 0x000001ff802f0800 3363       1       org.jetbrains.kotlin.com.intellij.psi.impl.source.tree.CompositeElement::getLastChildNode (5 bytes)
Event: 15.192 Thread 0x000001ff802f0800 nmethod 3363 0x000001fff44d1990 code [0x000001fff44d1b40, 0x000001fff44d1bf8]
Event: 15.192 Thread 0x000001ff802f0800 3364       1       org.jetbrains.kotlin.com.intellij.psi.impl.source.tree.TreeElement::getTreePrev (5 bytes)
Event: 15.192 Thread 0x000001ff802f0800 nmethod 3364 0x000001fff44d1c90 code [0x000001fff44d1e40, 0x000001fff44d1ef8]
Event: 15.192 Thread 0x000001ff802f0800 3365       1       org.jetbrains.kotlin.com.intellij.psi.impl.source.tree.CompositeElement::setLastChildNode (6 bytes)
Event: 15.192 Thread 0x000001ff802f0800 nmethod 3365 0x000001fff44d1f90 code [0x000001fff44d2140, 0x000001fff44d2238]
Event: 15.193 Thread 0x000001ff802f0800 3366       1       org.jetbrains.kotlin.com.intellij.psi.impl.source.tree.CompositeElement::getCachedLength (5 bytes)
Event: 15.193 Thread 0x000001ff802f0800 nmethod 3366 0x000001fff44d2290 code [0x000001fff44d2440, 0x000001fff44d24f8]
Event: 15.193 Thread 0x000001ff802f0800 3367       1       org.jetbrains.kotlin.com.intellij.psi.impl.source.tree.CompositeElement::getFirstChildNode (5 bytes)
Event: 15.193 Thread 0x000001ff802f0800 nmethod 3367 0x000001fff44d2590 code [0x000001fff44d2740, 0x000001fff44d27f8]
Event: 15.197 Thread 0x000001ff802f0800 3368       3       java.lang.invoke.LambdaForm$MH/0x00000001001a8040::invoke (34 bytes)
Event: 15.197 Thread 0x000001ff802f0800 nmethod 3368 0x000001ffed5a5590 code [0x000001ffed5a5760, 0x000001ffed5a5c18]
Event: 15.201 Thread 0x000001ff802f0800 3369       3       org.jetbrains.kotlin.com.intellij.psi.impl.ElementBase::<init> (5 bytes)
Event: 15.201 Thread 0x000001ff802f0800 nmethod 3369 0x000001ffed5a5d90 code [0x000001ffed5a5f60, 0x000001ffed5a6198]
Event: 15.202 Thread 0x000001ff802f0800 3370       3       org.jetbrains.kotlin.com.intellij.psi.tree.IElementType::getLanguage (14 bytes)
Event: 15.202 Thread 0x000001ff802f0800 nmethod 3370 0x000001ffed5a6290 code [0x000001ffed5a6440, 0x000001ffed5a65c8]

GC Heap History (14 events):
Event: 1.277 GC heap before
{Heap before GC invocations=0 (full 0):
 garbage-first heap   total 63488K, used 18432K [0x00000000c2400000, 0x0000000100000000)
  region size 1024K, 14 young (14336K), 0 survivors (0K)
 Metaspace       used 9539K, capacity 9615K, committed 9856K, reserved 1058816K
  class space    used 789K, capacity 820K, committed 896K, reserved 1048576K
}
Event: 1.286 GC heap after
{Heap after GC invocations=1 (full 0):
 garbage-first heap   total 63488K, used 6726K [0x00000000c2400000, 0x0000000100000000)
  region size 1024K, 2 young (2048K), 2 survivors (2048K)
 Metaspace       used 9539K, capacity 9615K, committed 9856K, reserved 1058816K
  class space    used 789K, capacity 820K, committed 896K, reserved 1048576K
}
Event: 3.255 GC heap before
{Heap before GC invocations=1 (full 0):
 garbage-first heap   total 63488K, used 42566K [0x00000000c2400000, 0x0000000100000000)
  region size 1024K, 37 young (37888K), 2 survivors (2048K)
 Metaspace       used 17005K, capacity 17160K, committed 17408K, reserved 1064960K
  class space    used 1647K, capacity 1720K, committed 1792K, reserved 1048576K
}
Event: 3.273 GC heap after
{Heap after GC invocations=2 (full 0):
 garbage-first heap   total 63488K, used 10521K [0x00000000c2400000, 0x0000000100000000)
  region size 1024K, 5 young (5120K), 5 survivors (5120K)
 Metaspace       used 17005K, capacity 17160K, committed 17408K, reserved 1064960K
  class space    used 1647K, capacity 1720K, committed 1792K, reserved 1048576K
}
Event: 3.961 GC heap before
{Heap before GC invocations=2 (full 0):
 garbage-first heap   total 63488K, used 21785K [0x00000000c2400000, 0x0000000100000000)
  region size 1024K, 17 young (17408K), 5 survivors (5120K)
 Metaspace       used 20886K, capacity 21115K, committed 21296K, reserved 1069056K
  class space    used 2237K, capacity 2337K, committed 2432K, reserved 1048576K
}
Event: 3.983 GC heap after
{Heap after GC invocations=3 (full 0):
 garbage-first heap   total 63488K, used 11295K [0x00000000c2400000, 0x0000000100000000)
  region size 1024K, 1 young (1024K), 1 survivors (1024K)
 Metaspace       used 20886K, capacity 21115K, committed 21296K, reserved 1069056K
  class space    used 2237K, capacity 2337K, committed 2432K, reserved 1048576K
}
Event: 5.991 GC heap before
{Heap before GC invocations=4 (full 0):
 garbage-first heap   total 63488K, used 37919K [0x00000000c2400000, 0x0000000100000000)
  region size 1024K, 23 young (23552K), 1 survivors (1024K)
 Metaspace       used 27261K, capacity 27744K, committed 27952K, reserved 1075200K
  class space    used 2936K, capacity 3114K, committed 3200K, reserved 1048576K
}
Event: 5.998 GC heap after
{Heap after GC invocations=5 (full 0):
 garbage-first heap   total 63488K, used 16868K [0x00000000c2400000, 0x0000000100000000)
  region size 1024K, 3 young (3072K), 3 survivors (3072K)
 Metaspace       used 27261K, capacity 27744K, committed 27952K, reserved 1075200K
  class space    used 2936K, capacity 3114K, committed 3200K, reserved 1048576K
}
Event: 8.376 GC heap before
{Heap before GC invocations=5 (full 0):
 garbage-first heap   total 63488K, used 37348K [0x00000000c2400000, 0x0000000100000000)
  region size 1024K, 24 young (24576K), 3 survivors (3072K)
 Metaspace       used 32010K, capacity 32493K, committed 32688K, reserved 1077248K
  class space    used 3791K, capacity 4002K, committed 4096K, reserved 1048576K
}
Event: 8.391 GC heap after
{Heap after GC invocations=6 (full 0):
 garbage-first heap   total 63488K, used 19568K [0x00000000c2400000, 0x0000000100000000)
  region size 1024K, 3 young (3072K), 3 survivors (3072K)
 Metaspace       used 32010K, capacity 32493K, committed 32688K, reserved 1077248K
  class space    used 3791K, capacity 4002K, committed 4096K, reserved 1048576K
}
Event: 10.964 GC heap before
{Heap before GC invocations=6 (full 0):
 garbage-first heap   total 63488K, used 41072K [0x00000000c2400000, 0x0000000100000000)
  region size 1024K, 23 young (23552K), 3 survivors (3072K)
 Metaspace       used 35266K, capacity 35739K, committed 35920K, reserved 1081344K
  class space    used 4343K, capacity 4548K, committed 4608K, reserved 1048576K
}
Event: 10.978 GC heap after
{Heap after GC invocations=7 (full 0):
 garbage-first heap   total 76800K, used 24576K [0x00000000c2400000, 0x0000000100000000)
  region size 1024K, 3 young (3072K), 3 survivors (3072K)
 Metaspace       used 35266K, capacity 35739K, committed 35920K, reserved 1081344K
  class space    used 4343K, capacity 4548K, committed 4608K, reserved 1048576K
}
Event: 13.216 GC heap before
{Heap before GC invocations=8 (full 0):
 garbage-first heap   total 76800K, used 49152K [0x00000000c2400000, 0x0000000100000000)
  region size 1024K, 28 young (28672K), 3 survivors (3072K)
 Metaspace       used 39371K, capacity 39937K, committed 40272K, reserved 1085440K
  class space    used 4786K, capacity 5006K, committed 5120K, reserved 1048576K
}
Event: 13.241 GC heap after
{Heap after GC invocations=9 (full 0):
 garbage-first heap   total 76800K, used 26123K [0x00000000c2400000, 0x0000000100000000)
  region size 1024K, 4 young (4096K), 4 survivors (4096K)
 Metaspace       used 39371K, capacity 39937K, committed 40272K, reserved 1085440K
  class space    used 4786K, capacity 5006K, committed 5120K, reserved 1048576K
}

Deoptimization events (20 events):
Event: 14.762 Thread 0x000001ffe8da6800 Uncommon trap: trap_request=0xffffff4d fr.pc=0x000001fff44550b0 relative=0x0000000000000190
Event: 14.762 Thread 0x000001ffe8da6800 Uncommon trap: reason=unstable_if action=reinterpret pc=0x000001fff44550b0 method=java.lang.String.startsWith(Ljava/lang/String;I)Z @ 46 c2
Event: 14.762 Thread 0x000001ffe8da6800 DEOPT PACKING pc=0x000001fff44550b0 sp=0x000000d73a0f5ae0
Event: 14.762 Thread 0x000001ffe8da6800 DEOPT UNPACKING pc=0x000001ffec90a1af sp=0x000000d73a0f5a48 mode 2
Event: 15.062 Thread 0x000001ffe8da6800 Uncommon trap: trap_request=0xffffffde fr.pc=0x000001fff441084c relative=0x000000000000008c
Event: 15.062 Thread 0x000001ffe8da6800 Uncommon trap: reason=class_check action=maybe_recompile pc=0x000001fff441084c method=java.lang.Character.codePointAt(Ljava/lang/CharSequence;I)I @ 2 c2
Event: 15.062 Thread 0x000001ffe8da6800 DEOPT PACKING pc=0x000001fff441084c sp=0x000000d73a0fd510
Event: 15.062 Thread 0x000001ffe8da6800 DEOPT UNPACKING pc=0x000001ffec90a1af sp=0x000000d73a0fd4a8 mode 2
Event: 15.062 Thread 0x000001ffe8da6800 Uncommon trap: trap_request=0xffffffde fr.pc=0x000001fff441084c relative=0x000000000000008c
Event: 15.062 Thread 0x000001ffe8da6800 Uncommon trap: reason=class_check action=maybe_recompile pc=0x000001fff441084c method=java.lang.Character.codePointAt(Ljava/lang/CharSequence;I)I @ 2 c2
Event: 15.062 Thread 0x000001ffe8da6800 DEOPT PACKING pc=0x000001fff441084c sp=0x000000d73a0fd510
Event: 15.062 Thread 0x000001ffe8da6800 DEOPT UNPACKING pc=0x000001ffec90a1af sp=0x000000d73a0fd4a8 mode 2
Event: 15.062 Thread 0x000001ffe8da6800 Uncommon trap: trap_request=0xffffffde fr.pc=0x000001fff441084c relative=0x000000000000008c
Event: 15.062 Thread 0x000001ffe8da6800 Uncommon trap: reason=class_check action=maybe_recompile pc=0x000001fff441084c method=java.lang.Character.codePointAt(Ljava/lang/CharSequence;I)I @ 2 c2
Event: 15.062 Thread 0x000001ffe8da6800 DEOPT PACKING pc=0x000001fff441084c sp=0x000000d73a0fd510
Event: 15.062 Thread 0x000001ffe8da6800 DEOPT UNPACKING pc=0x000001ffec90a1af sp=0x000000d73a0fd4a8 mode 2
Event: 15.062 Thread 0x000001ffe8da6800 Uncommon trap: trap_request=0xffffffde fr.pc=0x000001fff441084c relative=0x000000000000008c
Event: 15.062 Thread 0x000001ffe8da6800 Uncommon trap: reason=class_check action=maybe_recompile pc=0x000001fff441084c method=java.lang.Character.codePointAt(Ljava/lang/CharSequence;I)I @ 2 c2
Event: 15.062 Thread 0x000001ffe8da6800 DEOPT PACKING pc=0x000001fff441084c sp=0x000000d73a0fd510
Event: 15.062 Thread 0x000001ffe8da6800 DEOPT UNPACKING pc=0x000001ffec90a1af sp=0x000000d73a0fd4a8 mode 2

Classes redefined (0 events):
No events

Internal exceptions (20 events):
Event: 3.245 Thread 0x000001ffe8da6800 Exception <a 'java/lang/NoSuchMethodError'{0x00000000c3dd2108}: 'long java.lang.invoke.DelegatingMethodHandle$Holder.reinvoke_L(java.lang.Object, java.lang.Object, java.lang.Object)'> (0x00000000c3dd2108) thrown at [./src/hotspot/share/interpreter/linkResolver.cpp, line 773]
Event: 3.247 Thread 0x000001ffe8da6800 Exception <a 'java/lang/NoSuchMethodError'{0x00000000c3ddbdc8}: 'int java.lang.invoke.DirectMethodHandle$Holder.invokeSpecial(java.lang.Object, java.lang.Object, java.lang.Object, java.lang.Object)'> (0x00000000c3ddbdc8) thrown at [./src/hotspot/share/interpreter/linkResolver.cpp, line 773]
Event: 3.251 Thread 0x000001ffe8da6800 Exception <a 'java/lang/NoSuchMethodError'{0x00000000c3deaba8}: 'int java.lang.invoke.DelegatingMethodHandle$Holder.reinvoke_L(java.lang.Object, java.lang.Object, java.lang.Object, long, int)'> (0x00000000c3deaba8) thrown at [./src/hotspot/share/interpreter/linkResolver.cpp, line 773]
Event: 3.838 Thread 0x000001ffe8da6800 Exception <a 'java/lang/NoSuchMethodError'{0x00000000c5895658}: 'int java.lang.invoke.DirectMethodHandle$Holder.invokeSpecialIFC(java.lang.Object, java.lang.Object, int)'> (0x00000000c5895658) thrown at [./src/hotspot/share/interpreter/linkResolver.cpp, line 773]
Event: 4.171 Thread 0x000001ffe8da6800 Exception <a 'java/lang/NoSuchMethodError'{0x00000000c5ff8e38}: 'java.lang.Object java.lang.invoke.DirectMethodHandle$Holder.invokeStaticInit(java.lang.Object, int)'> (0x00000000c5ff8e38) thrown at [./src/hotspot/share/interpreter/linkResolver.cpp, line 773]
Event: 4.241 Thread 0x000001ffe8da6800 Exception <a 'java/lang/NoSuchMethodError'{0x00000000c5dc9f68}: 'long java.lang.invoke.DirectMethodHandle$Holder.invokeStatic(java.lang.Object)'> (0x00000000c5dc9f68) thrown at [./src/hotspot/share/interpreter/linkResolver.cpp, line 773]
Event: 4.243 Thread 0x000001ffe8da6800 Exception <a 'java/lang/NoSuchMethodError'{0x00000000c5dccdc0}: 'long java.lang.invoke.DirectMethodHandle$Holder.invokeStaticInit(java.lang.Object)'> (0x00000000c5dccdc0) thrown at [./src/hotspot/share/interpreter/linkResolver.cpp, line 773]
Event: 4.379 Thread 0x000001ffe8da6800 Exception <a 'java/lang/NoSuchMethodError'{0x00000000c59fd2b0}: 'int java.lang.invoke.DirectMethodHandle$Holder.invokeStaticInit(java.lang.Object, java.lang.Object, java.lang.Object)'> (0x00000000c59fd2b0) thrown at [./src/hotspot/share/interpreter/linkResolver.cpp, line 773]
Event: 4.386 Thread 0x000001ffe8da6800 Exception <a 'java/lang/NoSuchMethodError'{0x00000000c58289d0}: 'int java.lang.invoke.DirectMethodHandle$Holder.invokeStaticInit(java.lang.Object, java.lang.Object)'> (0x00000000c58289d0) thrown at [./src/hotspot/share/interpreter/linkResolver.cpp, line 773]
Event: 4.480 Thread 0x000001ffe8da6800 Exception <a 'java/lang/NoSuchMethodError'{0x00000000c5642f40}: 'void java.lang.invoke.DirectMethodHandle$Holder.invokeSpecial(java.lang.Object, java.lang.Object)'> (0x00000000c5642f40) thrown at [./src/hotspot/share/interpreter/linkResolver.cpp, line 773]
Event: 5.480 Thread 0x000001ffe8da6800 Exception <a 'java/lang/NoSuchMethodError'{0x00000000c4db0858}: 'java.lang.Object java.lang.invoke.DirectMethodHandle$Holder.invokeStatic(java.lang.Object, java.lang.Object, java.lang.Object, java.lang.Object, java.lang.Object, java.lang.Object, java.lang.Object, java.lang.Object, java.lang.Object, java.lang.Object, java.lang.Object, java.lang.Object, java.lang.Object, java.lang.Object, java.lang.Object)'> (0x00000000c4db0858) thrown at [./src/hotspot/share/interpreter/linkResolver.cpp, line 773]
Event: 5.485 Thread 0x000001ffe8da6800 Exception <a 'java/lang/NoSuchMethodError'{0x00000000c4dbe860}: 'java.lang.Object java.lang.invoke.DirectMethodHandle$Holder.invokeStatic(java.lang.Object, java.lang.Object, java.lang.Object, java.lang.Object, java.lang.Object, java.lang.Object, java.lang.Object, java.lang.Object, java.lang.Object, java.lang.Object, java.lang.Object, java.lang.Object, java.lang.Object, java.lang.Object, java.lang.Object, java.lang.Object)'> (0x00000000c4dbe860) thrown at [./src/hotspot/share/interpreter/linkResolver.cpp, l
Event: 5.488 Thread 0x000001ffe8da6800 Exception <a 'java/lang/NoSuchMethodError'{0x00000000c4dcc778}: 'java.lang.Object java.lang.invoke.DirectMethodHandle$Holder.invokeSpecial(java.lang.Object, java.lang.Object, int, int, java.lang.Object, java.lang.Object, java.lang.Object)'> (0x00000000c4dcc778) thrown at [./src/hotspot/share/interpreter/linkResolver.cpp, line 773]
Event: 5.489 Thread 0x000001ffe8da6800 Exception <a 'java/lang/NoSuchMethodError'{0x00000000c4dcffb0}: 'java.lang.Object java.lang.invoke.DelegatingMethodHandle$Holder.reinvoke_L(java.lang.Object, int, int, java.lang.Object, java.lang.Object, java.lang.Object)'> (0x00000000c4dcffb0) thrown at [./src/hotspot/share/interpreter/linkResolver.cpp, line 773]
Event: 5.492 Thread 0x000001ffe8da6800 Exception <a 'java/lang/NoSuchMethodError'{0x00000000c4dd4338}: 'java.lang.Object java.lang.invoke.DirectMethodHandle$Holder.invokeStatic(java.lang.Object, java.lang.Object, java.lang.Object, java.lang.Object, int)'> (0x00000000c4dd4338) thrown at [./src/hotspot/share/interpreter/linkResolver.cpp, line 773]
Event: 5.860 Thread 0x000001ffe8da6800 Exception <a 'java/lang/NoSuchMethodError'{0x00000000c4cfb7f8}: 'void java.lang.invoke.DirectMethodHandle$Holder.invokeStatic(java.lang.Object, java.lang.Object, java.lang.Object, java.lang.Object)'> (0x00000000c4cfb7f8) thrown at [./src/hotspot/share/interpreter/linkResolver.cpp, line 773]
Event: 6.179 Thread 0x000001ffe8da6800 Exception <a 'java/lang/NoSuchMethodError'{0x00000000c5ff2078}: 'void java.lang.invoke.DirectMethodHandle$Holder.invokeStaticInit(java.lang.Object, java.lang.Object)'> (0x00000000c5ff2078) thrown at [./src/hotspot/share/interpreter/linkResolver.cpp, line 773]
Event: 6.919 Thread 0x000001ffe8da6800 Exception <a 'java/lang/NoSuchMethodError'{0x00000000c5a9e8f0}: 'void java.lang.invoke.DirectMethodHandle$Holder.invokeVirtual(java.lang.Object, java.lang.Object)'> (0x00000000c5a9e8f0) thrown at [./src/hotspot/share/interpreter/linkResolver.cpp, line 773]
Event: 6.969 Thread 0x000001ffe8da6800 Exception <a 'java/lang/NoSuchMethodError'{0x00000000c5951ea0}: 'int java.lang.invoke.DirectMethodHandle$Holder.invokeVirtual(java.lang.Object, java.lang.Object)'> (0x00000000c5951ea0) thrown at [./src/hotspot/share/interpreter/linkResolver.cpp, line 773]
Event: 11.297 Thread 0x000001ffe8da6800 Exception <a 'java/lang/NoSuchMethodError'{0x00000000c66c9168}: 'java.lang.Object java.lang.invoke.DirectMethodHandle$Holder.invokeVirtual(java.lang.Object, java.lang.Object, java.lang.Object)'> (0x00000000c66c9168) thrown at [./src/hotspot/share/interpreter/linkResolver.cpp, line 773]

Events (20 events):
Event: 15.201 loading class org/jetbrains/kotlin/com/intellij/psi/impl/source/SubstrateRef$1
Event: 15.201 loading class org/jetbrains/kotlin/com/intellij/psi/impl/source/SubstrateRef$1 done
Event: 15.202 loading class org/jetbrains/kotlin/resolve/lazy/FileScopeProvider$DefaultImpls
Event: 15.202 loading class org/jetbrains/kotlin/resolve/lazy/FileScopeProvider$DefaultImpls done
Event: 15.203 loading class org/jetbrains/kotlin/resolve/lazy/FileScopeProviderKt
Event: 15.203 loading class org/jetbrains/kotlin/resolve/lazy/FileScopeProviderKt done
Event: 15.204 loading class org/jetbrains/kotlin/psi/KtExpression
Event: 15.204 loading class org/jetbrains/kotlin/psi/KtExpression done
Event: 15.204 loading class org/jetbrains/kotlin/psi/KtExpression
Event: 15.204 loading class org/jetbrains/kotlin/psi/KtExpression done
Event: 15.204 loading class org/jetbrains/kotlin/com/intellij/util/ArrayFactory
Event: 15.204 loading class org/jetbrains/kotlin/com/intellij/util/ArrayFactory done
Event: 15.204 loading class org/jetbrains/kotlin/psi/KtStubbedPsiUtil
Event: 15.204 loading class org/jetbrains/kotlin/psi/KtStubbedPsiUtil done
Event: 15.205 loading class org/jetbrains/kotlin/psi/KtDotQualifiedExpression$Companion
Event: 15.205 loading class org/jetbrains/kotlin/psi/KtDotQualifiedExpression$Companion done
Event: 15.206 loading class org/jetbrains/kotlin/psi/KtQualifiedExpression$DefaultImpls
Event: 15.206 loading class org/jetbrains/kotlin/psi/KtQualifiedExpression$DefaultImpls done
Event: 15.207 loading class org/jetbrains/kotlin/psi/psiUtil/PsiUtilsKt
Event: 15.207 loading class org/jetbrains/kotlin/psi/psiUtil/PsiUtilsKt done


Dynamic libraries:
0x00007ff7aae50000 - 0x00007ff7aae5a000 	C:\Program Files\Android\Android Studio\jre\bin\java.exe
0x00007ff8a4d50000 - 0x00007ff8a4f64000 	C:\WINDOWS\SYSTEM32\ntdll.dll
0x00007ff8a31b0000 - 0x00007ff8a3273000 	C:\WINDOWS\System32\KERNEL32.DLL
0x00007ff8a2230000 - 0x00007ff8a25cc000 	C:\WINDOWS\System32\KERNELBASE.dll
0x00007ff8a2980000 - 0x00007ff8a2a91000 	C:\WINDOWS\System32\ucrtbase.dll
0x00007ff89bf00000 - 0x00007ff89bf19000 	C:\Program Files\Android\Android Studio\jre\bin\jli.dll
0x00007ff8a2f00000 - 0x00007ff8a30ad000 	C:\WINDOWS\System32\USER32.dll
0x00007ff8a2200000 - 0x00007ff8a2226000 	C:\WINDOWS\System32\win32u.dll
0x00007ff8a4ce0000 - 0x00007ff8a4d09000 	C:\WINDOWS\System32\GDI32.dll
0x00007ff89be30000 - 0x00007ff89be47000 	C:\Program Files\Android\Android Studio\jre\bin\VCRUNTIME140.dll
0x00007ff8a2860000 - 0x00007ff8a2972000 	C:\WINDOWS\System32\gdi32full.dll
0x00007ff8a2740000 - 0x00007ff8a27da000 	C:\WINDOWS\System32\msvcp_win.dll
0x00007ff88d2f0000 - 0x00007ff88d57e000 	C:\WINDOWS\WinSxS\amd64_microsoft.windows.common-controls_6595b64144ccf1df_6.0.22621.608_none_a9444ca7c10bb01d\COMCTL32.dll
0x00007ff8a4c30000 - 0x00007ff8a4cd7000 	C:\WINDOWS\System32\msvcrt.dll
0x00007ff8a48e0000 - 0x00007ff8a4912000 	C:\WINDOWS\System32\IMM32.DLL
0x00007ff88eb50000 - 0x00007ff88ebed000 	C:\Program Files\Android\Android Studio\jre\bin\msvcp140.dll
0x00007ff823360000 - 0x00007ff823e62000 	C:\Program Files\Android\Android Studio\jre\bin\server\jvm.dll
0x00007ff8a3510000 - 0x00007ff8a35be000 	C:\WINDOWS\System32\ADVAPI32.dll
0x00007ff8a4400000 - 0x00007ff8a44a4000 	C:\WINDOWS\System32\sechost.dll
0x00007ff8a4a70000 - 0x00007ff8a4b85000 	C:\WINDOWS\System32\RPCRT4.dll
0x00007ff8a4b90000 - 0x00007ff8a4b98000 	C:\WINDOWS\System32\PSAPI.DLL
0x00007ff89f1a0000 - 0x00007ff89f1a9000 	C:\WINDOWS\SYSTEM32\WSOCK32.dll
0x00007ff8a4940000 - 0x00007ff8a49b1000 	C:\WINDOWS\System32\WS2_32.dll
0x00007ff89adc0000 - 0x00007ff89adf4000 	C:\WINDOWS\SYSTEM32\WINMM.dll
0x00007ff89a7d0000 - 0x00007ff89a7da000 	C:\WINDOWS\SYSTEM32\VERSION.dll
0x00007ff8a11a0000 - 0x00007ff8a11b8000 	C:\WINDOWS\SYSTEM32\kernel.appcore.dll
0x00007ff891af0000 - 0x00007ff891b01000 	C:\Program Files\Android\Android Studio\jre\bin\verify.dll
0x00007ff89fb30000 - 0x00007ff89fd5e000 	C:\WINDOWS\SYSTEM32\DBGHELP.DLL
0x00007ff8a4550000 - 0x00007ff8a48da000 	C:\WINDOWS\System32\combase.dll
0x00007ff8a3290000 - 0x00007ff8a3367000 	C:\WINDOWS\System32\OLEAUT32.dll
0x00007ff8893a0000 - 0x00007ff8893d2000 	C:\WINDOWS\SYSTEM32\dbgcore.DLL
0x00007ff8a27e0000 - 0x00007ff8a285b000 	C:\WINDOWS\System32\bcryptPrimitives.dll
0x00007ff88a810000 - 0x00007ff88a839000 	C:\Program Files\Android\Android Studio\jre\bin\java.dll
0x00007ff89bd70000 - 0x00007ff89bd7b000 	C:\Program Files\Android\Android Studio\jre\bin\jimage.dll
0x00007ff88e120000 - 0x00007ff88e138000 	C:\Program Files\Android\Android Studio\jre\bin\zip.dll
0x00007ff8a36e0000 - 0x00007ff8a3ecf000 	C:\WINDOWS\System32\SHELL32.dll
0x00007ff8a0160000 - 0x00007ff8a0a28000 	C:\WINDOWS\SYSTEM32\windows.storage.dll
0x00007ff8a0020000 - 0x00007ff8a015e000 	C:\WINDOWS\SYSTEM32\wintypes.dll
0x00007ff8a2e00000 - 0x00007ff8a2ef1000 	C:\WINDOWS\System32\SHCORE.dll
0x00007ff8a2b60000 - 0x00007ff8a2bbe000 	C:\WINDOWS\System32\shlwapi.dll
0x00007ff8a20c0000 - 0x00007ff8a20e1000 	C:\WINDOWS\SYSTEM32\profapi.dll
0x00007ff87c840000 - 0x00007ff87c85a000 	C:\Program Files\Android\Android Studio\jre\bin\net.dll
0x00007ff899d20000 - 0x00007ff899e4f000 	C:\WINDOWS\SYSTEM32\WINHTTP.dll
0x00007ff8a1600000 - 0x00007ff8a1669000 	C:\WINDOWS\system32\mswsock.dll
0x00007ff86dee0000 - 0x00007ff86def4000 	C:\Program Files\Android\Android Studio\jre\bin\nio.dll

dbghelp: loaded successfully - version: 4.0.5 - missing functions: none
symbol engine: initialized successfully - sym options: 0x614 - pdb path: .;C:\Program Files\Android\Android Studio\jre\bin;C:\WINDOWS\SYSTEM32;C:\WINDOWS\WinSxS\amd64_microsoft.windows.common-controls_6595b64144ccf1df_6.0.22621.608_none_a9444ca7c10bb01d;C:\Program Files\Android\Android Studio\jre\bin\server

VM Arguments:
java_command: org.jetbrains.kotlin.cli.jvm.K2JVMCompiler @C:\Users\Rohit Sah\AndroidStudioProjects\classkr(2)\app\build\20230227_1381061362005679783.compiler.options
java_class_path (initial): C:\Users\Rohit Sah\.gradle\caches\modules-2\files-2.1\org.jetbrains.kotlin\kotlin-compiler-embeddable\1.7.20\8db18559a581dd2c36ddfd5046af145650f5b126\kotlin-compiler-embeddable-1.7.20.jar;C:\Users\Rohit Sah\.gradle\caches\modules-2\files-2.1\org.jetbrains.kotlin\kotlin-reflect\1.7.20\12b2501e33bb6373e8e347c86d85481863629381\kotlin-reflect-1.7.20.jar;C:\Users\Rohit Sah\.gradle\caches\modules-2\files-2.1\org.jetbrains.kotlin\kotlin-stdlib\1.7.20\726594ea9ba2beb2ee113647fefa9a10f9fabe52\kotlin-stdlib-1.7.20.jar;C:\Users\Rohit Sah\.gradle\caches\modules-2\files-2.1\org.jetbrains.kotlin\kotlin-script-runtime\1.7.20\bcd1cc6f865e632550357fcc59f5ffd532615a8\kotlin-script-runtime-1.7.20.jar;C:\Users\Rohit Sah\.gradle\caches\modules-2\files-2.1\org.jetbrains.kotlin\kotlin-daemon-embeddable\1.7.20\1e24355adad8d529d75d5b19eab55484057431ba\kotlin-daemon-embeddable-1.7.20.jar;C:\Users\Rohit Sah\.gradle\caches\modules-2\files-2.1\org.jetbrains.intellij.deps\trove4j\1.0.20200330\3afb14d5f9ceb459d724e907a21145e8ff394f02\trove4j-1.0.20200330.jar;C:\Users\Rohit Sah\.gradle\caches\modules-2\files-2.1\net.java.dev.jna\jna\5.6.0\330f2244e9030119ab3030fc3fededc86713d9cc\jna-5.6.0.jar;C:\Users\Rohit Sah\.gradle\caches\modules-2\files-2.1\org.jetbrains.kotlin\kotlin-stdlib-common\1.7.20\e15351bdaf9fa06f009be5da7a202e4184f00ae3\kotlin-stdlib-common-1.7.20.jar;C:\Users\Rohit Sah\.gradle\caches\modules-2\files-2.1\org.jetbrains\annotations\13.0\919f0dfe192fb4e063e7dacadee7f8bb9a2672a9\annotations-13.0.jar
Launcher Type: SUN_STANDARD

[Global flags]
     intx CICompilerCount                          = 3                                         {product} {ergonomic}
     uint ConcGCThreads                            = 1                                         {product} {ergonomic}
     uint G1ConcRefinementThreads                  = 4                                         {product} {ergonomic}
   size_t G1HeapRegionSize                         = 1048576                                   {product} {ergonomic}
    uintx GCDrainStackTargetSize                   = 64                                        {product} {ergonomic}
   size_t InitialHeapSize                          = 65011712                                  {product} {ergonomic}
   size_t MarkStackSize                            = 4194304                                   {product} {ergonomic}
   size_t MaxHeapSize                              = 1035993088                                {product} {ergonomic}
   size_t MaxNewSize                               = 620756992                                 {product} {ergonomic}
   size_t MinHeapDeltaBytes                        = 1048576                                   {product} {ergonomic}
    uintx NonNMethodCodeHeapSize                   = 5830732                                {pd product} {ergonomic}
    uintx NonProfiledCodeHeapSize                  = 122913754                              {pd product} {ergonomic}
    uintx ProfiledCodeHeapSize                     = 122913754                              {pd product} {ergonomic}
    uintx ReservedCodeCacheSize                    = 251658240                              {pd product} {ergonomic}
     bool SegmentedCodeCache                       = true                                      {product} {ergonomic}
     bool UseCompressedClassPointers               = true                                 {lp64_product} {ergonomic}
     bool UseCompressedOops                        = true                                 {lp64_product} {ergonomic}
     bool UseG1GC                                  = true                                      {product} {ergonomic}
     bool UseLargePagesIndividualAllocation        = false                                  {pd product} {ergonomic}

Logging:
Log output configuration:
 #0: stdout all=warning uptime,level,tags
 #1: stderr all=off uptime,level,tags

Environment Variables:
PATH=C:\Program Files\Java\jdk-18.0.1.1\bin;C:\Program Files\Common Files\Oracle\Java\javapath;C:\WINDOWS\system32;C:\WINDOWS;C:\WINDOWS\System32\Wbem;C:\WINDOWS\System32\WindowsPowerShell\v1.0\;C:\WINDOWS\System32\OpenSSH\;C:\TDM-GCC-64\bin;C:\Program Files\nodejs\;C:\Users\Rohit Sah\AppData\Local\Programs\Python\Python39\Scripts\;C:\Users\Rohit Sah\AppData\Local\Programs\Python\Python39\;C:\Users\Rohit Sah\AppData\Local\Microsoft\WindowsApps;C:\Users\Rohit Sah\AppData\Local\Programs\Microsoft VS Code\bin;C:\Users\Rohit Sah\AppData\Roaming\npm
USERNAME=Krishna
OS=Windows_NT
PROCESSOR_IDENTIFIER=Intel64 Family 6 Model 142 Stepping 12, GenuineIntel



---------------  S Y S T E M  ---------------

OS: Windows 11 , 64 bit Build 22621 (10.0.22621.1194)
OS uptime: 1 days 4:44 hours
Hyper-V role detected

CPU:total 4 (initial active 4) (2 cores per cpu, 2 threads per core) family 6 model 142 stepping 12 microcode 0xea, cmov, cx8, fxsr, mmx, sse, sse2, sse3, ssse3, sse4.1, sse4.2, popcnt, avx, avx2, aes, clmul, erms, 3dnowpref, lzcnt, ht, tsc, tscinvbit, bmi1, bmi2, adx, fma

Memory: 4k page, system-wide physical 3948M (121M free)
TotalPageFile size 16236M (AvailPageFile size 0M)
current process WorkingSet (physical memory assigned to process): 191M, peak: 191M
current process commit charge ("private bytes"): 219M, peak: 220M

vm_info: OpenJDK 64-Bit Server VM (11.0.13+0-b1751.21-8125866) for windows-amd64 JRE (11.0.13+0-b1751.21-8125866), built on Feb  2 2022 03:00:22 by "builder" with MS VC++ 14.0 (VS2015)

END.
