#
# There is insufficient memory for the Java Runtime Environment to continue.
# Native memory allocation (malloc) failed to allocate 65552 bytes for Chunk::new
# Possible reasons:
#   The system is out of physical RAM or swap space
#   The process is running with CompressedOops enabled, and the Java Heap may be blocking the growth of the native heap
# Possible solutions:
#   Reduce memory load on the system
#   Increase physical memory or swap space
#   Check if swap backing store is full
#   Decrease Java heap size (-Xmx/-Xms)
#   Decrease number of Java threads
#   Decrease Java thread stack sizes (-Xss)
#   Set larger code cache with -XX:ReservedCodeCacheSize=
#   JVM is running with Unscaled Compressed Oops mode in which the Java heap is
#     placed in the first 4GB address space. The Java Heap base address is the
#     maximum limit for the native heap growth. Please use -XX:HeapBaseMinAddress
#     to set the Java Heap base and to place the Java Heap above 4GB virtual address.
# This output file may be truncated or incomplete.
#
#  Out of Memory Error (./src/hotspot/share/memory/arena.cpp:197), pid=8748, tid=10448
#
# JRE version: OpenJDK Runtime Environment (11.0.13) (build 11.0.13+0-b1751.21-8125866)
# Java VM: OpenJDK 64-Bit Server VM (11.0.13+0-b1751.21-8125866, mixed mode, tiered, compressed oops, g1 gc, windows-amd64)
# No core dump will be written. Minidumps are not enabled by default on client versions of Windows
#

---------------  S U M M A R Y ------------

Command Line: --add-opens=java.base/java.util=ALL-UNNAMED --add-opens=java.base/java.lang=ALL-UNNAMED --add-opens=java.base/java.lang.invoke=ALL-UNNAMED --add-opens=java.base/java.util=ALL-UNNAMED --add-opens=java.prefs/java.util.prefs=ALL-UNNAMED --add-opens=java.prefs/java.util.prefs=ALL-UNNAMED --add-opens=java.base/java.nio.charset=ALL-UNNAMED --add-opens=java.base/java.net=ALL-UNNAMED --add-opens=java.base/java.util.concurrent.atomic=ALL-UNNAMED -Xmx2048m -Dfile.encoding=UTF-8 -Duser.country=IN -Duser.language=en -Duser.variant org.gradle.launcher.daemon.bootstrap.GradleDaemon 7.4

Host: Intel(R) Core(TM) i3-8145U CPU @ 2.10GHz, 4 cores, 3G,  Windows 11 , 64 bit Build 22621 (10.0.22621.1194)
Time: Mon Feb 27 18:11:06 2023 India Standard Time elapsed time: 162.160406 seconds (0d 0h 2m 42s)

---------------  T H R E A D  ---------------

Current thread (0x000001a1c93da800):  JavaThread "C2 CompilerThread0" daemon [_thread_in_native, id=10448, stack(0x000000852f400000,0x000000852f500000)]


Current CompileTask:
C2: 162160 13534       4       java.lang.reflect.AccessibleObject::checkCanSetAccessible (386 bytes)

Stack: [0x000000852f400000,0x000000852f500000]
Native frames: (J=compiled Java code, j=interpreted, Vv=VM code, C=native code)
V  [jvm.dll+0x6100fa]
V  [jvm.dll+0x747090]
V  [jvm.dll+0x7486ad]
V  [jvm.dll+0x748d83]
V  [jvm.dll+0x24ab48]
V  [jvm.dll+0xc04dc]
V  [jvm.dll+0xc0a0c]
V  [jvm.dll+0xc060c]
V  [jvm.dll+0x5eed90]
V  [jvm.dll+0x63deb0]
V  [jvm.dll+0x62d4b1]
V  [jvm.dll+0x62524a]
V  [jvm.dll+0x6248b3]
V  [jvm.dll+0x622904]
V  [jvm.dll+0x18b5ac]
V  [jvm.dll+0x18c2f9]
V  [jvm.dll+0x2beb9f]
V  [jvm.dll+0x62d4e5]
V  [jvm.dll+0x62524a]
V  [jvm.dll+0x6248b3]
V  [jvm.dll+0x622904]
V  [jvm.dll+0x18b5ac]
V  [jvm.dll+0x2beb9f]
V  [jvm.dll+0x62d4e5]
V  [jvm.dll+0x62524a]
V  [jvm.dll+0x6248b3]
V  [jvm.dll+0x622904]
V  [jvm.dll+0x18b5ac]
V  [jvm.dll+0x2beb9f]
V  [jvm.dll+0x62d4e5]
V  [jvm.dll+0x62524a]
V  [jvm.dll+0x6248b3]
V  [jvm.dll+0x622904]
V  [jvm.dll+0x18b5ac]
V  [jvm.dll+0x2beb9f]
V  [jvm.dll+0x62d4e5]
V  [jvm.dll+0x62524a]
V  [jvm.dll+0x6248b3]
V  [jvm.dll+0x622904]
V  [jvm.dll+0x18b5ac]
V  [jvm.dll+0x2beb9f]
V  [jvm.dll+0x62d4e5]
V  [jvm.dll+0x62524a]
V  [jvm.dll+0x6248b3]
V  [jvm.dll+0x622904]
V  [jvm.dll+0x18b5ac]
V  [jvm.dll+0x202155]
V  [jvm.dll+0x188e01]
V  [jvm.dll+0x21106b]
V  [jvm.dll+0x20f8c1]
V  [jvm.dll+0x70de0f]
V  [jvm.dll+0x706a75]
V  [jvm.dll+0x60ed66]
C  [ucrtbase.dll+0x29363]
C  [KERNEL32.DLL+0x126bd]
C  [ntdll.dll+0x5dfb8]


---------------  P R O C E S S  ---------------

Threads class SMR info:
_java_thread_list=0x000001a1c9d3f090, length=95, elements={
0x000001a1aee86000, 0x000001a1c8a54800, 0x000001a1c8a57800, 0x000001a1c93d0800,
0x000001a1c93d3800, 0x000001a1c93d4800, 0x000001a1c93da800, 0x000001a1c93dc000,
0x000001a1c93df000, 0x000001a1c9515800, 0x000001a1caa2f000, 0x000001a1caeff000,
0x000001a1caee1800, 0x000001a1caee2000, 0x000001a1cb3ae800, 0x000001a1c9409800,
0x000001a1cacca800, 0x000001a1cb70f800, 0x000001a1cae2c000, 0x000001a1c9f28800,
0x000001a1c9f2c800, 0x000001a1c9f28000, 0x000001a1c9f27000, 0x000001a1c9f2a000,
0x000001a1c9f2b000, 0x000001a1c9f29800, 0x000001a1c9f2c000, 0x000001a1c9f2d800,
0x000001a1cd328800, 0x000001a1cd323800, 0x000001a1cd326000, 0x000001a1cd323000,
0x000001a1cd327800, 0x000001a1cd325800, 0x000001a1cd327000, 0x000001a1cd32a000,
0x000001a1cd324800, 0x000001a1cd32b000, 0x000001a1cd32d800, 0x000001a1cd32c000,
0x000001a1cd32c800, 0x000001a1cd32e800, 0x000001a1cd330800, 0x000001a1cd32f000,
0x000001a1cd330000, 0x000001a1cd331800, 0x000001a1cbbfc000, 0x000001a1cbbf9000,
0x000001a1cbbfa800, 0x000001a1cbbfd000, 0x000001a1cbbf7800, 0x000001a1cbbf8000,
0x000001a1cbbfa000, 0x000001a1cbbfe000, 0x000001a1cbbfe800, 0x000001a1cbbfb800,
0x000001a1cbc00800, 0x000001a1cbc03000, 0x000001a1cbc02000, 0x000001a1cbbff800,
0x000001a1cbc04800, 0x000001a1cbc01000, 0x000001a1cbc03800, 0x000001a1cbc05000,
0x000001a1cbc06000, 0x000001a1cd929000, 0x000001a1cd924800, 0x000001a1cd92a000,
0x000001a1cd92b000, 0x000001a1cd925000, 0x000001a1cd927800, 0x000001a1cd92b800,
0x000001a1cd928800, 0x000001a1cd926000, 0x000001a1cd926800, 0x000001a1cd932000,
0x000001a1cd92c800, 0x000001a1cd92f000, 0x000001a1cd930800, 0x000001a1cd92f800,
0x000001a1cd92e000, 0x000001a1cd931800, 0x000001a1cd933000, 0x000001a1cd92d800,
0x000001a1cfb92000, 0x000001a1cfb90800, 0x000001a1cfb91800, 0x000001a1cfb93000,
0x000001a1cfb94000, 0x000001a1cfb94800, 0x000001a1cfb8f000, 0x000001a1cfb95800,
0x000001a1cfb8f800, 0x000001a1cfb99800, 0x000001a1cfb9c000
}

Java Threads: ( => current thread )
  0x000001a1aee86000 JavaThread "main" [_thread_blocked, id=11504, stack(0x000000852e800000,0x000000852e900000)]
  0x000001a1c8a54800 JavaThread "Reference Handler" daemon [_thread_blocked, id=4496, stack(0x000000852ef00000,0x000000852f000000)]
  0x000001a1c8a57800 JavaThread "Finalizer" daemon [_thread_blocked, id=14688, stack(0x000000852f000000,0x000000852f100000)]
  0x000001a1c93d0800 JavaThread "Signal Dispatcher" daemon [_thread_blocked, id=11024, stack(0x000000852f100000,0x000000852f200000)]
  0x000001a1c93d3800 JavaThread "Attach Listener" daemon [_thread_blocked, id=17364, stack(0x000000852f200000,0x000000852f300000)]
  0x000001a1c93d4800 JavaThread "Service Thread" daemon [_thread_blocked, id=16960, stack(0x000000852f300000,0x000000852f400000)]
=>0x000001a1c93da800 JavaThread "C2 CompilerThread0" daemon [_thread_in_native, id=10448, stack(0x000000852f400000,0x000000852f500000)]
  0x000001a1c93dc000 JavaThread "C1 CompilerThread0" daemon [_thread_blocked, id=6068, stack(0x000000852f500000,0x000000852f600000)]
  0x000001a1c93df000 JavaThread "Sweeper thread" daemon [_thread_blocked, id=17696, stack(0x000000852f600000,0x000000852f700000)]
  0x000001a1c9515800 JavaThread "Common-Cleaner" daemon [_thread_blocked, id=16264, stack(0x000000852f700000,0x000000852f800000)]
  0x000001a1caa2f000 JavaThread "Daemon health stats" [_thread_blocked, id=17076, stack(0x000000852fa00000,0x000000852fb00000)]
  0x000001a1caeff000 JavaThread "Incoming local TCP Connector on port 57025" [_thread_in_native, id=12592, stack(0x000000852fb00000,0x000000852fc00000)]
  0x000001a1caee1800 JavaThread "Daemon periodic checks" [_thread_blocked, id=6604, stack(0x000000852fc00000,0x000000852fd00000)]
  0x000001a1caee2000 JavaThread "Daemon" [_thread_blocked, id=12460, stack(0x000000852fd00000,0x000000852fe00000)]
  0x000001a1cb3ae800 JavaThread "Handler for socket connection from /127.0.0.1:57025 to /127.0.0.1:57026" [_thread_in_native, id=9208, stack(0x000000852fe00000,0x000000852ff00000)]
  0x000001a1c9409800 JavaThread "Cancel handler" [_thread_blocked, id=4048, stack(0x000000852ff00000,0x0000008530000000)]
  0x000001a1cacca800 JavaThread "Daemon worker" [_thread_blocked, id=16576, stack(0x0000008530000000,0x0000008530100000)]
  0x000001a1cb70f800 JavaThread "Asynchronous log dispatcher for DefaultDaemonConnection: socket connection from /127.0.0.1:57025 to /127.0.0.1:57026" [_thread_blocked, id=14704, stack(0x0000008530100000,0x0000008530200000)]
  0x000001a1cae2c000 JavaThread "Daemon client event forwarder" [_thread_blocked, id=11572, stack(0x0000008530300000,0x0000008530400000)]
  0x000001a1c9f28800 JavaThread "Cache worker for journal cache (C:\Users\Rohit Sah\.gradle\caches\journal-1)" [_thread_blocked, id=15284, stack(0x0000008530600000,0x0000008530700000)]
  0x000001a1c9f2c800 JavaThread "File lock request listener" [_thread_in_native, id=18092, stack(0x0000008530700000,0x0000008530800000)]
  0x000001a1c9f28000 JavaThread "Cache worker for file hash cache (C:\Users\Rohit Sah\.gradle\caches\7.4\fileHashes)" [_thread_blocked, id=2304, stack(0x0000008530800000,0x0000008530900000)]
  0x000001a1c9f27000 JavaThread "File watcher server" daemon [_thread_in_native, id=13808, stack(0x0000008530900000,0x0000008530a00000)]
  0x000001a1c9f2a000 JavaThread "File watcher consumer" daemon [_thread_blocked, id=14288, stack(0x0000008530a00000,0x0000008530b00000)]
  0x000001a1c9f2b000 JavaThread "Cache worker for checksums cache (C:\Users\Rohit Sah\AndroidStudioProjects\classkr(2)\.gradle\7.4\checksums)" [_thread_blocked, id=15756, stack(0x0000008530b00000,0x0000008530c00000)]
  0x000001a1c9f29800 JavaThread "Cache worker for cache directory md-rule (C:\Users\Rohit Sah\.gradle\caches\7.4\md-rule)" [_thread_blocked, id=16368, stack(0x0000008530c00000,0x0000008530d00000)]
  0x000001a1c9f2c000 JavaThread "Cache worker for file hash cache (C:\Users\Rohit Sah\AndroidStudioProjects\classkr(2)\.gradle\7.4\fileHashes)" [_thread_blocked, id=6516, stack(0x0000008530d00000,0x0000008530e00000)]
  0x000001a1c9f2d800 JavaThread "Cache worker for cache directory md-supplier (C:\Users\Rohit Sah\.gradle\caches\7.4\md-supplier)" [_thread_blocked, id=16528, stack(0x0000008530e00000,0x0000008530f00000)]
  0x000001a1cd328800 JavaThread "Cache worker for execution history cache (C:\Users\Rohit Sah\.gradle\caches\7.4\executionHistory)" [_thread_blocked, id=1644, stack(0x0000008530f00000,0x0000008531000000)]
  0x000001a1cd323800 JavaThread "jar transforms" [_thread_blocked, id=14668, stack(0x0000008531000000,0x0000008531100000)]
  0x000001a1cd326000 JavaThread "jar transforms Thread 2" [_thread_blocked, id=9888, stack(0x0000008531100000,0x0000008531200000)]
  0x000001a1cd323000 JavaThread "Cache worker for file content cache (C:\Users\Rohit Sah\.gradle\caches\7.4\fileContent)" [_thread_blocked, id=12684, stack(0x0000008531200000,0x0000008531300000)]
  0x000001a1cd327800 JavaThread "Cache worker for dependencies-accessors (C:\Users\Rohit Sah\AndroidStudioProjects\classkr(2)\.gradle\7.4\dependencies-accessors)" [_thread_blocked, id=3688, stack(0x0000008531300000,0x0000008531400000)]
  0x000001a1cd325800 JavaThread "jar transforms Thread 3" [_thread_blocked, id=9972, stack(0x0000008531400000,0x0000008531500000)]
  0x000001a1cd327000 JavaThread "Cache worker for Build Output Cleanup Cache (C:\Users\Rohit Sah\AndroidStudioProjects\classkr(2)\.gradle\buildOutputCleanup)" [_thread_blocked, id=18008, stack(0x0000008531500000,0x0000008531600000)]
  0x000001a1cd32a000 JavaThread "Unconstrained build operations" [_thread_blocked, id=13852, stack(0x0000008531700000,0x0000008531800000)]
  0x000001a1cd324800 JavaThread "Unconstrained build operations Thread 2" [_thread_blocked, id=15392, stack(0x0000008531800000,0x0000008531900000)]
  0x000001a1cd32b000 JavaThread "Unconstrained build operations Thread 3" [_thread_blocked, id=16032, stack(0x0000008531900000,0x0000008531a00000)]
  0x000001a1cd32d800 JavaThread "Unconstrained build operations Thread 4" [_thread_blocked, id=9428, stack(0x0000008531a00000,0x0000008531b00000)]
  0x000001a1cd32c000 JavaThread "Unconstrained build operations Thread 5" [_thread_blocked, id=2912, stack(0x0000008531b00000,0x0000008531c00000)]
  0x000001a1cd32c800 JavaThread "Unconstrained build operations Thread 6" [_thread_blocked, id=10028, stack(0x0000008531c00000,0x0000008531d00000)]
  0x000001a1cd32e800 JavaThread "Unconstrained build operations Thread 7" [_thread_blocked, id=10356, stack(0x0000008531d00000,0x0000008531e00000)]
  0x000001a1cd330800 JavaThread "Unconstrained build operations Thread 8" [_thread_blocked, id=17720, stack(0x0000008531e00000,0x0000008531f00000)]
  0x000001a1cd32f000 JavaThread "Unconstrained build operations Thread 9" [_thread_blocked, id=14484, stack(0x0000008531f00000,0x0000008532000000)]
  0x000001a1cd330000 JavaThread "Unconstrained build operations Thread 10" [_thread_blocked, id=16392, stack(0x0000008532000000,0x0000008532100000)]
  0x000001a1cd331800 JavaThread "Unconstrained build operations Thread 11" [_thread_blocked, id=6720, stack(0x0000008532100000,0x0000008532200000)]
  0x000001a1cbbfc000 JavaThread "Unconstrained build operations Thread 12" [_thread_blocked, id=2064, stack(0x0000008532200000,0x0000008532300000)]
  0x000001a1cbbf9000 JavaThread "Unconstrained build operations Thread 13" [_thread_blocked, id=16708, stack(0x0000008532300000,0x0000008532400000)]
  0x000001a1cbbfa800 JavaThread "Unconstrained build operations Thread 14" [_thread_blocked, id=5748, stack(0x0000008532400000,0x0000008532500000)]
  0x000001a1cbbfd000 JavaThread "Unconstrained build operations Thread 15" [_thread_blocked, id=7364, stack(0x0000008532500000,0x0000008532600000)]
  0x000001a1cbbf7800 JavaThread "Unconstrained build operations Thread 16" [_thread_blocked, id=14880, stack(0x0000008532600000,0x0000008532700000)]
  0x000001a1cbbf8000 JavaThread "Unconstrained build operations Thread 17" [_thread_blocked, id=12004, stack(0x0000008532700000,0x0000008532800000)]
  0x000001a1cbbfa000 JavaThread "Unconstrained build operations Thread 18" [_thread_blocked, id=6984, stack(0x0000008532800000,0x0000008532900000)]
  0x000001a1cbbfe000 JavaThread "Unconstrained build operations Thread 19" [_thread_blocked, id=16128, stack(0x0000008532900000,0x0000008532a00000)]
  0x000001a1cbbfe800 JavaThread "Unconstrained build operations Thread 20" [_thread_blocked, id=11604, stack(0x0000008532a00000,0x0000008532b00000)]
  0x000001a1cbbfb800 JavaThread "Unconstrained build operations Thread 21" [_thread_blocked, id=8048, stack(0x0000008532b00000,0x0000008532c00000)]
  0x000001a1cbc00800 JavaThread "Unconstrained build operations Thread 22" [_thread_blocked, id=11920, stack(0x0000008532c00000,0x0000008532d00000)]
  0x000001a1cbc03000 JavaThread "Unconstrained build operations Thread 23" [_thread_blocked, id=6672, stack(0x0000008532d00000,0x0000008532e00000)]
  0x000001a1cbc02000 JavaThread "Unconstrained build operations Thread 24" [_thread_blocked, id=10068, stack(0x0000008532e00000,0x0000008532f00000)]
  0x000001a1cbbff800 JavaThread "Unconstrained build operations Thread 25" [_thread_blocked, id=400, stack(0x0000008532f00000,0x0000008533000000)]
  0x000001a1cbc04800 JavaThread "Unconstrained build operations Thread 26" [_thread_blocked, id=12152, stack(0x0000008533000000,0x0000008533100000)]
  0x000001a1cbc01000 JavaThread "Unconstrained build operations Thread 27" [_thread_blocked, id=12316, stack(0x0000008533100000,0x0000008533200000)]
  0x000001a1cbc03800 JavaThread "Unconstrained build operations Thread 28" [_thread_blocked, id=2036, stack(0x0000008533200000,0x0000008533300000)]
  0x000001a1cbc05000 JavaThread "Unconstrained build operations Thread 29" [_thread_blocked, id=13928, stack(0x0000008533300000,0x0000008533400000)]
  0x000001a1cbc06000 JavaThread "Unconstrained build operations Thread 30" [_thread_blocked, id=2224, stack(0x0000008533400000,0x0000008533500000)]
  0x000001a1cd929000 JavaThread "Unconstrained build operations Thread 31" [_thread_blocked, id=17212, stack(0x0000008533500000,0x0000008533600000)]
  0x000001a1cd924800 JavaThread "Unconstrained build operations Thread 32" [_thread_blocked, id=6888, stack(0x0000008533600000,0x0000008533700000)]
  0x000001a1cd92a000 JavaThread "Unconstrained build operations Thread 33" [_thread_blocked, id=3888, stack(0x0000008533700000,0x0000008533800000)]
  0x000001a1cd92b000 JavaThread "Unconstrained build operations Thread 34" [_thread_blocked, id=12156, stack(0x0000008533800000,0x0000008533900000)]
  0x000001a1cd925000 JavaThread "Unconstrained build operations Thread 35" [_thread_blocked, id=12220, stack(0x0000008533900000,0x0000008533a00000)]
  0x000001a1cd927800 JavaThread "Unconstrained build operations Thread 36" [_thread_blocked, id=14152, stack(0x0000008533a00000,0x0000008533b00000)]
  0x000001a1cd92b800 JavaThread "Unconstrained build operations Thread 37" [_thread_blocked, id=10520, stack(0x0000008533b00000,0x0000008533c00000)]
  0x000001a1cd928800 JavaThread "Unconstrained build operations Thread 38" [_thread_blocked, id=14696, stack(0x0000008533c00000,0x0000008533d00000)]
  0x000001a1cd926000 JavaThread "Unconstrained build operations Thread 39" [_thread_blocked, id=6796, stack(0x0000008533d00000,0x0000008533e00000)]
  0x000001a1cd926800 JavaThread "Unconstrained build operations Thread 40" [_thread_blocked, id=13360, stack(0x0000008533e00000,0x0000008533f00000)]
  0x000001a1cd932000 JavaThread "jar transforms Thread 4" [_thread_blocked, id=18140, stack(0x0000008533f00000,0x0000008534000000)]
  0x000001a1cd92c800 JavaThread "Memory manager" [_thread_blocked, id=7512, stack(0x0000008534100000,0x0000008534200000)]
  0x000001a1cd92f000 JavaThread "build event listener" [_thread_blocked, id=14432, stack(0x000000852e500000,0x000000852e600000)]
  0x000001a1cd930800 JavaThread "included builds" [_thread_blocked, id=10552, stack(0x000000852e700000,0x000000852e800000)]
  0x000001a1cd92f800 JavaThread "Execution worker for ':'" [_thread_blocked, id=10848, stack(0x0000008534000000,0x0000008534100000)]
  0x000001a1cd92e000 JavaThread "Execution worker for ':' Thread 2" [_thread_blocked, id=10360, stack(0x0000008534200000,0x0000008534300000)]
  0x000001a1cd931800 JavaThread "Execution worker for ':' Thread 3" [_thread_blocked, id=17344, stack(0x0000008534300000,0x0000008534400000)]
  0x000001a1cd933000 JavaThread "Cache worker for execution history cache (C:\Users\Rohit Sah\AndroidStudioProjects\classkr(2)\.gradle\7.4\executionHistory)" [_thread_blocked, id=11524, stack(0x0000008534400000,0x0000008534500000)]
  0x000001a1cd92d800 JavaThread "WorkerExecutor Queue" [_thread_in_native, id=16320, stack(0x0000008530200000,0x0000008530300000)]
  0x000001a1cfb92000 JavaThread "pool-3-thread-1" [_thread_blocked, id=17316, stack(0x0000008534500000,0x0000008534600000)]
  0x000001a1cfb90800 JavaThread "stderr" [_thread_in_native, id=13520, stack(0x0000008534600000,0x0000008534700000)]
  0x000001a1cfb91800 JavaThread "stdout" [_thread_in_native, id=3904, stack(0x0000008534700000,0x0000008534800000)]
  0x000001a1cfb93000 JavaThread "WorkerExecutor Queue Thread 2" [_thread_blocked, id=15648, stack(0x0000008534800000,0x0000008534900000)]
  0x000001a1cfb94000 JavaThread "RMI Scheduler(0)" daemon [_thread_blocked, id=12768, stack(0x000000852e600000,0x000000852e700000)]
  0x000001a1cfb94800 JavaThread "RMI RenewClean-[127.0.0.1:17149,org.jetbrains.kotlin.daemon.common.LoopbackNetworkInterface$ClientLoopbackSocketFactory@3132ca5e]" daemon [_thread_blocked, id=13568, stack(0x0000008531600000,0x0000008531700000)]
  0x000001a1cfb8f000 JavaThread "RMI GC Daemon" daemon [_thread_blocked, id=4540, stack(0x0000008534900000,0x0000008534a00000)]
  0x000001a1cfb95800 JavaThread "RMI TCP Accept-0" daemon [_thread_in_native, id=3344, stack(0x0000008534a00000,0x0000008534b00000)]
  0x000001a1cfb8f800 JavaThread "RMI Reaper" [_thread_blocked, id=13992, stack(0x0000008534b00000,0x0000008534c00000)]
  0x000001a1cfb99800 JavaThread "RMI TCP Connection(idle)" daemon [_thread_blocked, id=7672, stack(0x0000008534c00000,0x0000008534d00000)]
  0x000001a1cfb9c000 JavaThread "Thread-75" [_thread_in_native, id=11676, stack(0x0000008534d00000,0x0000008534e00000)]

Other Threads:
  0x000001a1c8a50800 VMThread "VM Thread" [stack: 0x000000852ee00000,0x000000852ef00000] [id=18420]
  0x000001a1c9580000 WatcherThread [stack: 0x000000852f800000,0x000000852f900000] [id=1596]
  0x000001a1aeea0800 GCTaskThread "GC Thread#0" [stack: 0x000000852e900000,0x000000852ea00000] [id=4288]
  0x000001a1c984d800 GCTaskThread "GC Thread#1" [stack: 0x000000852f900000,0x000000852fa00000] [id=2460]
  0x000001a1ca00f000 GCTaskThread "GC Thread#2" [stack: 0x0000008530400000,0x0000008530500000] [id=9684]
  0x000001a1ca3dc800 GCTaskThread "GC Thread#3" [stack: 0x0000008530500000,0x0000008530600000] [id=14700]
  0x000001a1aeed2800 ConcurrentGCThread "G1 Main Marker" [stack: 0x000000852ea00000,0x000000852eb00000] [id=10656]
  0x000001a1aeed4800 ConcurrentGCThread "G1 Conc#0" [stack: 0x000000852eb00000,0x000000852ec00000] [id=17552]
  0x000001a1aef30800 ConcurrentGCThread "G1 Refine#0" [stack: 0x000000852ec00000,0x000000852ed00000] [id=10456]
  0x000001a1aef34800 ConcurrentGCThread "G1 Young RemSet Sampling" [stack: 0x000000852ed00000,0x000000852ee00000] [id=7808]

Threads with active compile tasks:
C2 CompilerThread0 162240 13534       4       java.lang.reflect.AccessibleObject::checkCanSetAccessible (386 bytes)

VM state:not at safepoint (normal execution)

VM Mutex/Monitor currently owned by a thread: None

Heap address: 0x0000000080000000, size: 2048 MB, Compressed Oops mode: 32-bit
Narrow klass base: 0x0000000000000000, Narrow klass shift: 3
Compressed class space size: 1073741824 Address: 0x0000000100000000

Heap:
 garbage-first heap   total 297984K, used 141805K [0x0000000080000000, 0x0000000100000000)
  region size 1024K, 39 young (39936K), 6 survivors (6144K)
 Metaspace       used 100614K, capacity 103130K, committed 103424K, reserved 1138688K
  class space    used 12823K, capacity 13761K, committed 13824K, reserved 1048576K
Heap Regions: E=young(eden), S=young(survivor), O=old, HS=humongous(starts), HC=humongous(continues), CS=collection set, F=free, A=archive, TAMS=top-at-mark-start (previous, next)
|   0|0x0000000080000000, 0x0000000080100000, 0x0000000080100000|100%|HS|  |TAMS 0x0000000080100000, 0x0000000080000000| Complete 
|   1|0x0000000080100000, 0x0000000080200000, 0x0000000080200000|100%|HC|  |TAMS 0x0000000080200000, 0x0000000080100000| Complete 
|   2|0x0000000080200000, 0x0000000080300000, 0x0000000080300000|100%|HC|  |TAMS 0x0000000080300000, 0x0000000080200000| Complete 
|   3|0x0000000080300000, 0x0000000080400000, 0x0000000080400000|100%| O|  |TAMS 0x0000000080400000, 0x0000000080300000| Untracked 
|   4|0x0000000080400000, 0x0000000080500000, 0x0000000080500000|100%| O|  |TAMS 0x0000000080500000, 0x0000000080400000| Untracked 
|   5|0x0000000080500000, 0x0000000080600000, 0x0000000080600000|100%| O|  |TAMS 0x0000000080600000, 0x0000000080500000| Untracked 
|   6|0x0000000080600000, 0x0000000080700000, 0x0000000080700000|100%| O|  |TAMS 0x0000000080700000, 0x0000000080600000| Untracked 
|   7|0x0000000080700000, 0x0000000080800000, 0x0000000080800000|100%| O|  |TAMS 0x0000000080800000, 0x0000000080700000| Untracked 
|   8|0x0000000080800000, 0x0000000080900000, 0x0000000080900000|100%| O|  |TAMS 0x0000000080900000, 0x0000000080800000| Untracked 
|   9|0x0000000080900000, 0x0000000080a00000, 0x0000000080a00000|100%| O|  |TAMS 0x0000000080a00000, 0x0000000080900000| Untracked 
|  10|0x0000000080a00000, 0x0000000080b00000, 0x0000000080b00000|100%| O|  |TAMS 0x0000000080b00000, 0x0000000080a00000| Untracked 
|  11|0x0000000080b00000, 0x0000000080c00000, 0x0000000080c00000|100%| O|  |TAMS 0x0000000080c00000, 0x0000000080b00000| Untracked 
|  12|0x0000000080c00000, 0x0000000080d00000, 0x0000000080d00000|100%| O|  |TAMS 0x0000000080d00000, 0x0000000080c00000| Untracked 
|  13|0x0000000080d00000, 0x0000000080e00000, 0x0000000080e00000|100%| O|  |TAMS 0x0000000080e00000, 0x0000000080d00000| Untracked 
|  14|0x0000000080e00000, 0x0000000080f00000, 0x0000000080f00000|100%| O|  |TAMS 0x0000000080f00000, 0x0000000080e00000| Untracked 
|  15|0x0000000080f00000, 0x0000000081000000, 0x0000000081000000|100%| O|  |TAMS 0x0000000081000000, 0x0000000080f00000| Untracked 
|  16|0x0000000081000000, 0x0000000081100000, 0x0000000081100000|100%| O|  |TAMS 0x0000000081100000, 0x0000000081000000| Untracked 
|  17|0x0000000081100000, 0x0000000081200000, 0x0000000081200000|100%| O|  |TAMS 0x0000000081200000, 0x0000000081100000| Untracked 
|  18|0x0000000081200000, 0x0000000081300000, 0x0000000081300000|100%| O|  |TAMS 0x0000000081300000, 0x0000000081200000| Untracked 
|  19|0x0000000081300000, 0x0000000081400000, 0x0000000081400000|100%| O|  |TAMS 0x0000000081400000, 0x0000000081300000| Untracked 
|  20|0x0000000081400000, 0x0000000081500000, 0x0000000081500000|100%| O|  |TAMS 0x0000000081500000, 0x0000000081400000| Untracked 
|  21|0x0000000081500000, 0x0000000081600000, 0x0000000081600000|100%| O|  |TAMS 0x0000000081600000, 0x0000000081500000| Untracked 
|  22|0x0000000081600000, 0x0000000081700000, 0x0000000081700000|100%| O|  |TAMS 0x0000000081700000, 0x0000000081600000| Untracked 
|  23|0x0000000081700000, 0x0000000081800000, 0x0000000081800000|100%| O|  |TAMS 0x0000000081800000, 0x0000000081700000| Untracked 
|  24|0x0000000081800000, 0x0000000081900000, 0x0000000081900000|100%| O|  |TAMS 0x0000000081900000, 0x0000000081800000| Untracked 
|  25|0x0000000081900000, 0x0000000081a00000, 0x0000000081a00000|100%| O|  |TAMS 0x0000000081a00000, 0x0000000081900000| Untracked 
|  26|0x0000000081a00000, 0x0000000081b00000, 0x0000000081b00000|100%| O|  |TAMS 0x0000000081b00000, 0x0000000081a00000| Untracked 
|  27|0x0000000081b00000, 0x0000000081c00000, 0x0000000081c00000|100%| O|  |TAMS 0x0000000081c00000, 0x0000000081b00000| Untracked 
|  28|0x0000000081c00000, 0x0000000081d00000, 0x0000000081d00000|100%| O|  |TAMS 0x0000000081d00000, 0x0000000081c00000| Untracked 
|  29|0x0000000081d00000, 0x0000000081e00000, 0x0000000081e00000|100%|HS|  |TAMS 0x0000000081e00000, 0x0000000081d00000| Complete 
|  30|0x0000000081e00000, 0x0000000081f00000, 0x0000000081f00000|100%|HS|  |TAMS 0x0000000081f00000, 0x0000000081e00000| Complete 
|  31|0x0000000081f00000, 0x0000000082000000, 0x0000000082000000|100%|HS|  |TAMS 0x0000000082000000, 0x0000000081f00000| Complete 
|  32|0x0000000082000000, 0x0000000082100000, 0x0000000082100000|100%| O|  |TAMS 0x0000000082100000, 0x0000000082000000| Untracked 
|  33|0x0000000082100000, 0x0000000082200000, 0x0000000082200000|100%| O|  |TAMS 0x0000000082200000, 0x0000000082100000| Untracked 
|  34|0x0000000082200000, 0x0000000082300000, 0x0000000082300000|100%| O|  |TAMS 0x0000000082300000, 0x0000000082200000| Untracked 
|  35|0x0000000082300000, 0x0000000082400000, 0x0000000082400000|100%|HS|  |TAMS 0x0000000082400000, 0x0000000082300000| Complete 
|  36|0x0000000082400000, 0x0000000082500000, 0x0000000082500000|100%|HC|  |TAMS 0x0000000082500000, 0x0000000082400000| Complete 
|  37|0x0000000082500000, 0x0000000082600000, 0x0000000082600000|100%|HC|  |TAMS 0x0000000082600000, 0x0000000082500000| Complete 
|  38|0x0000000082600000, 0x0000000082700000, 0x0000000082700000|100%|HC|  |TAMS 0x0000000082700000, 0x0000000082600000| Complete 
|  39|0x0000000082700000, 0x0000000082800000, 0x0000000082800000|100%| O|  |TAMS 0x0000000082800000, 0x0000000082700000| Untracked 
|  40|0x0000000082800000, 0x0000000082900000, 0x0000000082900000|100%| O|  |TAMS 0x0000000082900000, 0x0000000082800000| Untracked 
|  41|0x0000000082900000, 0x0000000082a00000, 0x0000000082a00000|100%| O|  |TAMS 0x0000000082a00000, 0x0000000082900000| Untracked 
|  42|0x0000000082a00000, 0x0000000082b00000, 0x0000000082b00000|100%| O|  |TAMS 0x0000000082b00000, 0x0000000082a00000| Untracked 
|  43|0x0000000082b00000, 0x0000000082c00000, 0x0000000082c00000|100%| O|  |TAMS 0x0000000082c00000, 0x0000000082b00000| Untracked 
|  44|0x0000000082c00000, 0x0000000082d00000, 0x0000000082d00000|100%|HS|  |TAMS 0x0000000082d00000, 0x0000000082c00000| Complete 
|  45|0x0000000082d00000, 0x0000000082e00000, 0x0000000082e00000|100%|HC|  |TAMS 0x0000000082e00000, 0x0000000082d00000| Complete 
|  46|0x0000000082e00000, 0x0000000082f00000, 0x0000000082f00000|100%| O|  |TAMS 0x0000000082f00000, 0x0000000082e00000| Untracked 
|  47|0x0000000082f00000, 0x0000000083000000, 0x0000000083000000|100%| O|  |TAMS 0x0000000083000000, 0x0000000082f00000| Untracked 
|  48|0x0000000083000000, 0x0000000083100000, 0x0000000083100000|100%| O|  |TAMS 0x0000000083100000, 0x0000000083000000| Untracked 
|  49|0x0000000083100000, 0x0000000083200000, 0x0000000083200000|100%| O|  |TAMS 0x0000000083200000, 0x0000000083100000| Untracked 
|  50|0x0000000083200000, 0x0000000083300000, 0x0000000083300000|100%| O|  |TAMS 0x0000000083300000, 0x0000000083200000| Untracked 
|  51|0x0000000083300000, 0x0000000083400000, 0x0000000083400000|100%| O|  |TAMS 0x0000000083400000, 0x0000000083300000| Untracked 
|  52|0x0000000083400000, 0x0000000083500000, 0x0000000083500000|100%| O|  |TAMS 0x0000000083500000, 0x0000000083400000| Untracked 
|  53|0x0000000083500000, 0x0000000083600000, 0x0000000083600000|100%| O|  |TAMS 0x0000000083600000, 0x0000000083500000| Untracked 
|  54|0x0000000083600000, 0x0000000083700000, 0x0000000083700000|100%| O|  |TAMS 0x0000000083700000, 0x0000000083600000| Untracked 
|  55|0x0000000083700000, 0x0000000083800000, 0x0000000083800000|100%| O|  |TAMS 0x0000000083800000, 0x0000000083700000| Untracked 
|  56|0x0000000083800000, 0x0000000083900000, 0x0000000083900000|100%| O|  |TAMS 0x0000000083900000, 0x0000000083800000| Untracked 
|  57|0x0000000083900000, 0x0000000083a00000, 0x0000000083a00000|100%| O|  |TAMS 0x0000000083a00000, 0x0000000083900000| Untracked 
|  58|0x0000000083a00000, 0x0000000083b00000, 0x0000000083b00000|100%| O|  |TAMS 0x0000000083b00000, 0x0000000083a00000| Untracked 
|  59|0x0000000083b00000, 0x0000000083c00000, 0x0000000083c00000|100%| O|  |TAMS 0x0000000083c00000, 0x0000000083b00000| Untracked 
|  60|0x0000000083c00000, 0x0000000083d00000, 0x0000000083d00000|100%| O|  |TAMS 0x0000000083d00000, 0x0000000083c00000| Untracked 
|  61|0x0000000083d00000, 0x0000000083e00000, 0x0000000083e00000|100%| O|  |TAMS 0x0000000083e00000, 0x0000000083d00000| Untracked 
|  62|0x0000000083e00000, 0x0000000083f00000, 0x0000000083f00000|100%| O|  |TAMS 0x0000000083f00000, 0x0000000083e00000| Untracked 
|  63|0x0000000083f00000, 0x0000000084000000, 0x0000000084000000|100%| O|  |TAMS 0x0000000084000000, 0x0000000083f00000| Untracked 
|  64|0x0000000084000000, 0x0000000084100000, 0x0000000084100000|100%| O|  |TAMS 0x0000000084100000, 0x0000000084000000| Untracked 
|  65|0x0000000084100000, 0x0000000084200000, 0x0000000084200000|100%| O|  |TAMS 0x0000000084200000, 0x0000000084100000| Untracked 
|  66|0x0000000084200000, 0x0000000084300000, 0x0000000084300000|100%| O|  |TAMS 0x0000000084300000, 0x0000000084200000| Untracked 
|  67|0x0000000084300000, 0x0000000084400000, 0x0000000084400000|100%| O|  |TAMS 0x0000000084400000, 0x0000000084300000| Untracked 
|  68|0x0000000084400000, 0x0000000084500000, 0x0000000084500000|100%| O|  |TAMS 0x0000000084500000, 0x0000000084400000| Untracked 
|  69|0x0000000084500000, 0x0000000084600000, 0x0000000084600000|100%| O|  |TAMS 0x0000000084600000, 0x0000000084500000| Untracked 
|  70|0x0000000084600000, 0x0000000084700000, 0x0000000084700000|100%| O|  |TAMS 0x0000000084700000, 0x0000000084600000| Untracked 
|  71|0x0000000084700000, 0x0000000084800000, 0x0000000084800000|100%| O|  |TAMS 0x0000000084800000, 0x0000000084700000| Untracked 
|  72|0x0000000084800000, 0x0000000084900000, 0x0000000084900000|100%| O|  |TAMS 0x0000000084900000, 0x0000000084800000| Untracked 
|  73|0x0000000084900000, 0x0000000084a00000, 0x0000000084a00000|100%| O|  |TAMS 0x0000000084a00000, 0x0000000084900000| Untracked 
|  74|0x0000000084a00000, 0x0000000084b00000, 0x0000000084b00000|100%| O|  |TAMS 0x0000000084b00000, 0x0000000084a00000| Untracked 
|  75|0x0000000084b00000, 0x0000000084c00000, 0x0000000084c00000|100%| O|  |TAMS 0x0000000084c00000, 0x0000000084b00000| Untracked 
|  76|0x0000000084c00000, 0x0000000084d00000, 0x0000000084d00000|100%| O|  |TAMS 0x0000000084d00000, 0x0000000084c00000| Untracked 
|  77|0x0000000084d00000, 0x0000000084e00000, 0x0000000084e00000|100%| O|  |TAMS 0x0000000084e00000, 0x0000000084d00000| Untracked 
|  78|0x0000000084e00000, 0x0000000084f00000, 0x0000000084f00000|100%| O|  |TAMS 0x0000000084f00000, 0x0000000084e00000| Untracked 
|  79|0x0000000084f00000, 0x0000000085000000, 0x0000000085000000|100%| O|  |TAMS 0x0000000085000000, 0x0000000084f00000| Untracked 
|  80|0x0000000085000000, 0x0000000085100000, 0x0000000085100000|100%| O|  |TAMS 0x0000000085100000, 0x0000000085000000| Untracked 
|  81|0x0000000085100000, 0x0000000085200000, 0x0000000085200000|100%| O|  |TAMS 0x0000000085200000, 0x0000000085100000| Untracked 
|  82|0x0000000085200000, 0x0000000085300000, 0x0000000085300000|100%| O|  |TAMS 0x0000000085300000, 0x0000000085200000| Untracked 
|  83|0x0000000085300000, 0x0000000085400000, 0x0000000085400000|100%| O|  |TAMS 0x0000000085400000, 0x0000000085300000| Untracked 
|  84|0x0000000085400000, 0x0000000085500000, 0x0000000085500000|100%| O|  |TAMS 0x0000000085500000, 0x0000000085400000| Untracked 
|  85|0x0000000085500000, 0x0000000085600000, 0x0000000085600000|100%| O|  |TAMS 0x0000000085600000, 0x0000000085500000| Untracked 
|  86|0x0000000085600000, 0x0000000085700000, 0x0000000085700000|100%| O|  |TAMS 0x0000000085700000, 0x0000000085600000| Untracked 
|  87|0x0000000085700000, 0x0000000085800000, 0x0000000085800000|100%| O|  |TAMS 0x0000000085800000, 0x0000000085700000| Untracked 
|  88|0x0000000085800000, 0x0000000085900000, 0x0000000085900000|100%| O|  |TAMS 0x0000000085900000, 0x0000000085800000| Untracked 
|  89|0x0000000085900000, 0x0000000085a00000, 0x0000000085a00000|100%| O|  |TAMS 0x0000000085a00000, 0x0000000085900000| Untracked 
|  90|0x0000000085a00000, 0x0000000085b00000, 0x0000000085b00000|100%| O|  |TAMS 0x0000000085b00000, 0x0000000085a00000| Untracked 
|  91|0x0000000085b00000, 0x0000000085c00000, 0x0000000085c00000|100%| O|  |TAMS 0x0000000085c00000, 0x0000000085b00000| Untracked 
|  92|0x0000000085c00000, 0x0000000085d00000, 0x0000000085d00000|100%| O|  |TAMS 0x0000000085d00000, 0x0000000085c00000| Untracked 
|  93|0x0000000085d00000, 0x0000000085e00000, 0x0000000085e00000|100%| O|  |TAMS 0x0000000085e00000, 0x0000000085d00000| Untracked 
|  94|0x0000000085e00000, 0x0000000085f00000, 0x0000000085f00000|100%| O|  |TAMS 0x0000000085f00000, 0x0000000085e00000| Untracked 
|  95|0x0000000085f00000, 0x0000000086000000, 0x0000000086000000|100%| O|  |TAMS 0x0000000086000000, 0x0000000085f00000| Untracked 
|  96|0x0000000086000000, 0x0000000086100000, 0x0000000086100000|100%| O|  |TAMS 0x0000000086100000, 0x0000000086000000| Untracked 
|  97|0x0000000086100000, 0x0000000086200000, 0x0000000086200000|100%| O|  |TAMS 0x0000000086200000, 0x0000000086100000| Untracked 
|  98|0x0000000086200000, 0x0000000086300000, 0x0000000086300000|100%| O|  |TAMS 0x0000000086300000, 0x0000000086200000| Untracked 
|  99|0x0000000086300000, 0x0000000086400000, 0x0000000086400000|100%| O|  |TAMS 0x0000000086400000, 0x0000000086300000| Untracked 
| 100|0x0000000086400000, 0x0000000086500000, 0x0000000086500000|100%| O|  |TAMS 0x0000000086500000, 0x0000000086400000| Untracked 
| 101|0x0000000086500000, 0x000000008651c200, 0x0000000086600000| 10%| O|  |TAMS 0x000000008651c200, 0x0000000086500000| Untracked 
| 102|0x0000000086600000, 0x0000000086600000, 0x0000000086700000|  0%| F|  |TAMS 0x0000000086600000, 0x0000000086600000| Untracked 
| 103|0x0000000086700000, 0x0000000086700000, 0x0000000086800000|  0%| F|  |TAMS 0x0000000086700000, 0x0000000086700000| Untracked 
| 104|0x0000000086800000, 0x0000000086800000, 0x0000000086900000|  0%| F|  |TAMS 0x0000000086800000, 0x0000000086800000| Untracked 
| 105|0x0000000086900000, 0x0000000086900000, 0x0000000086a00000|  0%| F|  |TAMS 0x0000000086900000, 0x0000000086900000| Untracked 
| 106|0x0000000086a00000, 0x0000000086a00000, 0x0000000086b00000|  0%| F|  |TAMS 0x0000000086a00000, 0x0000000086a00000| Untracked 
| 107|0x0000000086b00000, 0x0000000086b00000, 0x0000000086c00000|  0%| F|  |TAMS 0x0000000086b00000, 0x0000000086b00000| Untracked 
| 108|0x0000000086c00000, 0x0000000086c00000, 0x0000000086d00000|  0%| F|  |TAMS 0x0000000086c00000, 0x0000000086c00000| Untracked 
| 109|0x0000000086d00000, 0x0000000086d00000, 0x0000000086e00000|  0%| F|  |TAMS 0x0000000086d00000, 0x0000000086d00000| Untracked 
| 110|0x0000000086e00000, 0x0000000086e00000, 0x0000000086f00000|  0%| F|  |TAMS 0x0000000086e00000, 0x0000000086e00000| Untracked 
| 111|0x0000000086f00000, 0x0000000086f00000, 0x0000000087000000|  0%| F|  |TAMS 0x0000000086f00000, 0x0000000086f00000| Untracked 
| 112|0x0000000087000000, 0x0000000087000000, 0x0000000087100000|  0%| F|  |TAMS 0x0000000087000000, 0x0000000087000000| Untracked 
| 113|0x0000000087100000, 0x0000000087100000, 0x0000000087200000|  0%| F|  |TAMS 0x0000000087100000, 0x0000000087100000| Untracked 
| 114|0x0000000087200000, 0x0000000087200000, 0x0000000087300000|  0%| F|  |TAMS 0x0000000087200000, 0x0000000087200000| Untracked 
| 115|0x0000000087300000, 0x0000000087300000, 0x0000000087400000|  0%| F|  |TAMS 0x0000000087300000, 0x0000000087300000| Untracked 
| 116|0x0000000087400000, 0x0000000087400000, 0x0000000087500000|  0%| F|  |TAMS 0x0000000087400000, 0x0000000087400000| Untracked 
| 117|0x0000000087500000, 0x0000000087500000, 0x0000000087600000|  0%| F|  |TAMS 0x0000000087500000, 0x0000000087500000| Untracked 
| 118|0x0000000087600000, 0x0000000087600000, 0x0000000087700000|  0%| F|  |TAMS 0x0000000087600000, 0x0000000087600000| Untracked 
| 119|0x0000000087700000, 0x0000000087700000, 0x0000000087800000|  0%| F|  |TAMS 0x0000000087700000, 0x0000000087700000| Untracked 
| 120|0x0000000087800000, 0x0000000087800000, 0x0000000087900000|  0%| F|  |TAMS 0x0000000087800000, 0x0000000087800000| Untracked 
| 121|0x0000000087900000, 0x0000000087900000, 0x0000000087a00000|  0%| F|  |TAMS 0x0000000087900000, 0x0000000087900000| Untracked 
| 122|0x0000000087a00000, 0x0000000087a00000, 0x0000000087b00000|  0%| F|  |TAMS 0x0000000087a00000, 0x0000000087a00000| Untracked 
| 123|0x0000000087b00000, 0x0000000087b00000, 0x0000000087c00000|  0%| F|  |TAMS 0x0000000087b00000, 0x0000000087b00000| Untracked 
| 124|0x0000000087c00000, 0x0000000087c00000, 0x0000000087d00000|  0%| F|  |TAMS 0x0000000087c00000, 0x0000000087c00000| Untracked 
| 125|0x0000000087d00000, 0x0000000087d00000, 0x0000000087e00000|  0%| F|  |TAMS 0x0000000087d00000, 0x0000000087d00000| Untracked 
| 126|0x0000000087e00000, 0x0000000087e00000, 0x0000000087f00000|  0%| F|  |TAMS 0x0000000087e00000, 0x0000000087e00000| Untracked 
| 127|0x0000000087f00000, 0x0000000087f00000, 0x0000000088000000|  0%| F|  |TAMS 0x0000000087f00000, 0x0000000087f00000| Untracked 
| 128|0x0000000088000000, 0x0000000088000000, 0x0000000088100000|  0%| F|  |TAMS 0x0000000088000000, 0x0000000088000000| Untracked 
| 129|0x0000000088100000, 0x0000000088100000, 0x0000000088200000|  0%| F|  |TAMS 0x0000000088100000, 0x0000000088100000| Untracked 
| 130|0x0000000088200000, 0x0000000088200000, 0x0000000088300000|  0%| F|  |TAMS 0x0000000088200000, 0x0000000088200000| Untracked 
| 131|0x0000000088300000, 0x0000000088300000, 0x0000000088400000|  0%| F|  |TAMS 0x0000000088300000, 0x0000000088300000| Untracked 
| 132|0x0000000088400000, 0x0000000088400000, 0x0000000088500000|  0%| F|  |TAMS 0x0000000088400000, 0x0000000088400000| Untracked 
| 133|0x0000000088500000, 0x0000000088500000, 0x0000000088600000|  0%| F|  |TAMS 0x0000000088500000, 0x0000000088500000| Untracked 
| 134|0x0000000088600000, 0x0000000088600000, 0x0000000088700000|  0%| F|  |TAMS 0x0000000088600000, 0x0000000088600000| Untracked 
| 135|0x0000000088700000, 0x0000000088700000, 0x0000000088800000|  0%| F|  |TAMS 0x0000000088700000, 0x0000000088700000| Untracked 
| 136|0x0000000088800000, 0x0000000088800000, 0x0000000088900000|  0%| F|  |TAMS 0x0000000088800000, 0x0000000088800000| Untracked 
| 137|0x0000000088900000, 0x0000000088900000, 0x0000000088a00000|  0%| F|  |TAMS 0x0000000088900000, 0x0000000088900000| Untracked 
| 138|0x0000000088a00000, 0x0000000088a00000, 0x0000000088b00000|  0%| F|  |TAMS 0x0000000088a00000, 0x0000000088a00000| Untracked 
| 139|0x0000000088b00000, 0x0000000088b00000, 0x0000000088c00000|  0%| F|  |TAMS 0x0000000088b00000, 0x0000000088b00000| Untracked 
| 140|0x0000000088c00000, 0x0000000088c00000, 0x0000000088d00000|  0%| F|  |TAMS 0x0000000088c00000, 0x0000000088c00000| Untracked 
| 141|0x0000000088d00000, 0x0000000088d00000, 0x0000000088e00000|  0%| F|  |TAMS 0x0000000088d00000, 0x0000000088d00000| Untracked 
| 142|0x0000000088e00000, 0x0000000088e00000, 0x0000000088f00000|  0%| F|  |TAMS 0x0000000088e00000, 0x0000000088e00000| Untracked 
| 143|0x0000000088f00000, 0x0000000088f00000, 0x0000000089000000|  0%| F|  |TAMS 0x0000000088f00000, 0x0000000088f00000| Untracked 
| 144|0x0000000089000000, 0x0000000089000000, 0x0000000089100000|  0%| F|  |TAMS 0x0000000089000000, 0x0000000089000000| Untracked 
| 145|0x0000000089100000, 0x0000000089100000, 0x0000000089200000|  0%| F|  |TAMS 0x0000000089100000, 0x0000000089100000| Untracked 
| 146|0x0000000089200000, 0x0000000089200000, 0x0000000089300000|  0%| F|  |TAMS 0x0000000089200000, 0x0000000089200000| Untracked 
| 147|0x0000000089300000, 0x0000000089300000, 0x0000000089400000|  0%| F|  |TAMS 0x0000000089300000, 0x0000000089300000| Untracked 
| 148|0x0000000089400000, 0x0000000089400000, 0x0000000089500000|  0%| F|  |TAMS 0x0000000089400000, 0x0000000089400000| Untracked 
| 149|0x0000000089500000, 0x0000000089500000, 0x0000000089600000|  0%| F|  |TAMS 0x0000000089500000, 0x0000000089500000| Untracked 
| 150|0x0000000089600000, 0x0000000089600000, 0x0000000089700000|  0%| F|  |TAMS 0x0000000089600000, 0x0000000089600000| Untracked 
| 151|0x0000000089700000, 0x0000000089700000, 0x0000000089800000|  0%| F|  |TAMS 0x0000000089700000, 0x0000000089700000| Untracked 
| 152|0x0000000089800000, 0x0000000089800000, 0x0000000089900000|  0%| F|  |TAMS 0x0000000089800000, 0x0000000089800000| Untracked 
| 153|0x0000000089900000, 0x0000000089900000, 0x0000000089a00000|  0%| F|  |TAMS 0x0000000089900000, 0x0000000089900000| Untracked 
| 154|0x0000000089a00000, 0x0000000089a00000, 0x0000000089b00000|  0%| F|  |TAMS 0x0000000089a00000, 0x0000000089a00000| Untracked 
| 155|0x0000000089b00000, 0x0000000089b00000, 0x0000000089c00000|  0%| F|  |TAMS 0x0000000089b00000, 0x0000000089b00000| Untracked 
| 156|0x0000000089c00000, 0x0000000089c00000, 0x0000000089d00000|  0%| F|  |TAMS 0x0000000089c00000, 0x0000000089c00000| Untracked 
| 157|0x0000000089d00000, 0x0000000089d00000, 0x0000000089e00000|  0%| F|  |TAMS 0x0000000089d00000, 0x0000000089d00000| Untracked 
| 158|0x0000000089e00000, 0x0000000089e00000, 0x0000000089f00000|  0%| F|  |TAMS 0x0000000089e00000, 0x0000000089e00000| Untracked 
| 159|0x0000000089f00000, 0x0000000089f00000, 0x000000008a000000|  0%| F|  |TAMS 0x0000000089f00000, 0x0000000089f00000| Untracked 
| 160|0x000000008a000000, 0x000000008a000000, 0x000000008a100000|  0%| F|  |TAMS 0x000000008a000000, 0x000000008a000000| Untracked 
| 161|0x000000008a100000, 0x000000008a100000, 0x000000008a200000|  0%| F|  |TAMS 0x000000008a100000, 0x000000008a100000| Untracked 
| 162|0x000000008a200000, 0x000000008a200000, 0x000000008a300000|  0%| F|  |TAMS 0x000000008a200000, 0x000000008a200000| Untracked 
| 163|0x000000008a300000, 0x000000008a300000, 0x000000008a400000|  0%| F|  |TAMS 0x000000008a300000, 0x000000008a300000| Untracked 
| 164|0x000000008a400000, 0x000000008a400000, 0x000000008a500000|  0%| F|  |TAMS 0x000000008a400000, 0x000000008a400000| Untracked 
| 165|0x000000008a500000, 0x000000008a500000, 0x000000008a600000|  0%| F|  |TAMS 0x000000008a500000, 0x000000008a500000| Untracked 
| 166|0x000000008a600000, 0x000000008a600000, 0x000000008a700000|  0%| F|  |TAMS 0x000000008a600000, 0x000000008a600000| Untracked 
| 167|0x000000008a700000, 0x000000008a700000, 0x000000008a800000|  0%| F|  |TAMS 0x000000008a700000, 0x000000008a700000| Untracked 
| 168|0x000000008a800000, 0x000000008a800000, 0x000000008a900000|  0%| F|  |TAMS 0x000000008a800000, 0x000000008a800000| Untracked 
| 169|0x000000008a900000, 0x000000008a900000, 0x000000008aa00000|  0%| F|  |TAMS 0x000000008a900000, 0x000000008a900000| Untracked 
| 170|0x000000008aa00000, 0x000000008aa00000, 0x000000008ab00000|  0%| F|  |TAMS 0x000000008aa00000, 0x000000008aa00000| Untracked 
| 171|0x000000008ab00000, 0x000000008ab00000, 0x000000008ac00000|  0%| F|  |TAMS 0x000000008ab00000, 0x000000008ab00000| Untracked 
| 172|0x000000008ac00000, 0x000000008ac00000, 0x000000008ad00000|  0%| F|  |TAMS 0x000000008ac00000, 0x000000008ac00000| Untracked 
| 173|0x000000008ad00000, 0x000000008ad00000, 0x000000008ae00000|  0%| F|  |TAMS 0x000000008ad00000, 0x000000008ad00000| Untracked 
| 174|0x000000008ae00000, 0x000000008ae00000, 0x000000008af00000|  0%| F|  |TAMS 0x000000008ae00000, 0x000000008ae00000| Untracked 
| 175|0x000000008af00000, 0x000000008af00000, 0x000000008b000000|  0%| F|  |TAMS 0x000000008af00000, 0x000000008af00000| Untracked 
| 176|0x000000008b000000, 0x000000008b000000, 0x000000008b100000|  0%| F|  |TAMS 0x000000008b000000, 0x000000008b000000| Untracked 
| 177|0x000000008b100000, 0x000000008b100000, 0x000000008b200000|  0%| F|  |TAMS 0x000000008b100000, 0x000000008b100000| Untracked 
| 178|0x000000008b200000, 0x000000008b200000, 0x000000008b300000|  0%| F|  |TAMS 0x000000008b200000, 0x000000008b200000| Untracked 
| 179|0x000000008b300000, 0x000000008b300000, 0x000000008b400000|  0%| F|  |TAMS 0x000000008b300000, 0x000000008b300000| Untracked 
| 180|0x000000008b400000, 0x000000008b400000, 0x000000008b500000|  0%| F|  |TAMS 0x000000008b400000, 0x000000008b400000| Untracked 
| 181|0x000000008b500000, 0x000000008b500000, 0x000000008b600000|  0%| F|  |TAMS 0x000000008b500000, 0x000000008b500000| Untracked 
| 182|0x000000008b600000, 0x000000008b600000, 0x000000008b700000|  0%| F|  |TAMS 0x000000008b600000, 0x000000008b600000| Untracked 
| 183|0x000000008b700000, 0x000000008b700000, 0x000000008b800000|  0%| F|  |TAMS 0x000000008b700000, 0x000000008b700000| Untracked 
| 184|0x000000008b800000, 0x000000008b800000, 0x000000008b900000|  0%| F|  |TAMS 0x000000008b800000, 0x000000008b800000| Untracked 
| 185|0x000000008b900000, 0x000000008b900000, 0x000000008ba00000|  0%| F|  |TAMS 0x000000008b900000, 0x000000008b900000| Untracked 
| 186|0x000000008ba00000, 0x000000008ba00000, 0x000000008bb00000|  0%| F|  |TAMS 0x000000008ba00000, 0x000000008ba00000| Untracked 
| 187|0x000000008bb00000, 0x000000008bb00000, 0x000000008bc00000|  0%| F|  |TAMS 0x000000008bb00000, 0x000000008bb00000| Untracked 
| 188|0x000000008bc00000, 0x000000008bc00000, 0x000000008bd00000|  0%| F|  |TAMS 0x000000008bc00000, 0x000000008bc00000| Untracked 
| 189|0x000000008bd00000, 0x000000008bd00000, 0x000000008be00000|  0%| F|  |TAMS 0x000000008bd00000, 0x000000008bd00000| Untracked 
| 190|0x000000008be00000, 0x000000008be00000, 0x000000008bf00000|  0%| F|  |TAMS 0x000000008be00000, 0x000000008be00000| Untracked 
| 191|0x000000008bf00000, 0x000000008bf00000, 0x000000008c000000|  0%| F|  |TAMS 0x000000008bf00000, 0x000000008bf00000| Untracked 
| 192|0x000000008c000000, 0x000000008c000000, 0x000000008c100000|  0%| F|  |TAMS 0x000000008c000000, 0x000000008c000000| Untracked 
| 193|0x000000008c100000, 0x000000008c100000, 0x000000008c200000|  0%| F|  |TAMS 0x000000008c100000, 0x000000008c100000| Untracked 
| 194|0x000000008c200000, 0x000000008c200000, 0x000000008c300000|  0%| F|  |TAMS 0x000000008c200000, 0x000000008c200000| Untracked 
| 195|0x000000008c300000, 0x000000008c300000, 0x000000008c400000|  0%| F|  |TAMS 0x000000008c300000, 0x000000008c300000| Untracked 
| 196|0x000000008c400000, 0x000000008c400000, 0x000000008c500000|  0%| F|  |TAMS 0x000000008c400000, 0x000000008c400000| Untracked 
| 197|0x000000008c500000, 0x000000008c500000, 0x000000008c600000|  0%| F|  |TAMS 0x000000008c500000, 0x000000008c500000| Untracked 
| 198|0x000000008c600000, 0x000000008c600000, 0x000000008c700000|  0%| F|  |TAMS 0x000000008c600000, 0x000000008c600000| Untracked 
| 199|0x000000008c700000, 0x000000008c700000, 0x000000008c800000|  0%| F|  |TAMS 0x000000008c700000, 0x000000008c700000| Untracked 
| 200|0x000000008c800000, 0x000000008c800000, 0x000000008c900000|  0%| F|  |TAMS 0x000000008c800000, 0x000000008c800000| Untracked 
| 201|0x000000008c900000, 0x000000008c900000, 0x000000008ca00000|  0%| F|  |TAMS 0x000000008c900000, 0x000000008c900000| Untracked 
| 202|0x000000008ca00000, 0x000000008ca00000, 0x000000008cb00000|  0%| F|  |TAMS 0x000000008ca00000, 0x000000008ca00000| Untracked 
| 203|0x000000008cb00000, 0x000000008cb00000, 0x000000008cc00000|  0%| F|  |TAMS 0x000000008cb00000, 0x000000008cb00000| Untracked 
| 204|0x000000008cc00000, 0x000000008cc00000, 0x000000008cd00000|  0%| F|  |TAMS 0x000000008cc00000, 0x000000008cc00000| Untracked 
| 205|0x000000008cd00000, 0x000000008cd00000, 0x000000008ce00000|  0%| F|  |TAMS 0x000000008cd00000, 0x000000008cd00000| Untracked 
| 206|0x000000008ce00000, 0x000000008ce00000, 0x000000008cf00000|  0%| F|  |TAMS 0x000000008ce00000, 0x000000008ce00000| Untracked 
| 207|0x000000008cf00000, 0x000000008cf00000, 0x000000008d000000|  0%| F|  |TAMS 0x000000008cf00000, 0x000000008cf00000| Untracked 
| 208|0x000000008d000000, 0x000000008d000000, 0x000000008d100000|  0%| F|  |TAMS 0x000000008d000000, 0x000000008d000000| Untracked 
| 209|0x000000008d100000, 0x000000008d100000, 0x000000008d200000|  0%| F|  |TAMS 0x000000008d100000, 0x000000008d100000| Untracked 
| 210|0x000000008d200000, 0x000000008d200000, 0x000000008d300000|  0%| F|  |TAMS 0x000000008d200000, 0x000000008d200000| Untracked 
| 211|0x000000008d300000, 0x000000008d300000, 0x000000008d400000|  0%| F|  |TAMS 0x000000008d300000, 0x000000008d300000| Untracked 
| 212|0x000000008d400000, 0x000000008d400000, 0x000000008d500000|  0%| F|  |TAMS 0x000000008d400000, 0x000000008d400000| Untracked 
| 213|0x000000008d500000, 0x000000008d500000, 0x000000008d600000|  0%| F|  |TAMS 0x000000008d500000, 0x000000008d500000| Untracked 
| 214|0x000000008d600000, 0x000000008d600000, 0x000000008d700000|  0%| F|  |TAMS 0x000000008d600000, 0x000000008d600000| Untracked 
| 215|0x000000008d700000, 0x000000008d700000, 0x000000008d800000|  0%| F|  |TAMS 0x000000008d700000, 0x000000008d700000| Untracked 
| 216|0x000000008d800000, 0x000000008d800000, 0x000000008d900000|  0%| F|  |TAMS 0x000000008d800000, 0x000000008d800000| Untracked 
| 217|0x000000008d900000, 0x000000008d900000, 0x000000008da00000|  0%| F|  |TAMS 0x000000008d900000, 0x000000008d900000| Untracked 
| 218|0x000000008da00000, 0x000000008da00000, 0x000000008db00000|  0%| F|  |TAMS 0x000000008da00000, 0x000000008da00000| Untracked 
| 219|0x000000008db00000, 0x000000008db00000, 0x000000008dc00000|  0%| F|  |TAMS 0x000000008db00000, 0x000000008db00000| Untracked 
| 220|0x000000008dc00000, 0x000000008dc00000, 0x000000008dd00000|  0%| F|  |TAMS 0x000000008dc00000, 0x000000008dc00000| Untracked 
| 221|0x000000008dd00000, 0x000000008dd00000, 0x000000008de00000|  0%| F|  |TAMS 0x000000008dd00000, 0x000000008dd00000| Untracked 
| 222|0x000000008de00000, 0x000000008de00000, 0x000000008df00000|  0%| F|  |TAMS 0x000000008de00000, 0x000000008de00000| Untracked 
| 223|0x000000008df00000, 0x000000008df00000, 0x000000008e000000|  0%| F|  |TAMS 0x000000008df00000, 0x000000008df00000| Untracked 
| 224|0x000000008e000000, 0x000000008e000000, 0x000000008e100000|  0%| F|  |TAMS 0x000000008e000000, 0x000000008e000000| Untracked 
| 225|0x000000008e100000, 0x000000008e100000, 0x000000008e200000|  0%| F|  |TAMS 0x000000008e100000, 0x000000008e100000| Untracked 
| 226|0x000000008e200000, 0x000000008e200000, 0x000000008e300000|  0%| F|  |TAMS 0x000000008e200000, 0x000000008e200000| Untracked 
| 227|0x000000008e300000, 0x000000008e300000, 0x000000008e400000|  0%| F|  |TAMS 0x000000008e300000, 0x000000008e300000| Untracked 
| 228|0x000000008e400000, 0x000000008e400000, 0x000000008e500000|  0%| F|  |TAMS 0x000000008e400000, 0x000000008e400000| Untracked 
| 229|0x000000008e500000, 0x000000008e500000, 0x000000008e600000|  0%| F|  |TAMS 0x000000008e500000, 0x000000008e500000| Untracked 
| 230|0x000000008e600000, 0x000000008e600000, 0x000000008e700000|  0%| F|  |TAMS 0x000000008e600000, 0x000000008e600000| Untracked 
| 231|0x000000008e700000, 0x000000008e700000, 0x000000008e800000|  0%| F|  |TAMS 0x000000008e700000, 0x000000008e700000| Untracked 
| 232|0x000000008e800000, 0x000000008e800000, 0x000000008e900000|  0%| F|  |TAMS 0x000000008e800000, 0x000000008e800000| Untracked 
| 233|0x000000008e900000, 0x000000008e900000, 0x000000008ea00000|  0%| F|  |TAMS 0x000000008e900000, 0x000000008e900000| Untracked 
| 234|0x000000008ea00000, 0x000000008ea00000, 0x000000008eb00000|  0%| F|  |TAMS 0x000000008ea00000, 0x000000008ea00000| Untracked 
| 235|0x000000008eb00000, 0x000000008eb00000, 0x000000008ec00000|  0%| F|  |TAMS 0x000000008eb00000, 0x000000008eb00000| Untracked 
| 236|0x000000008ec00000, 0x000000008ec00000, 0x000000008ed00000|  0%| F|  |TAMS 0x000000008ec00000, 0x000000008ec00000| Untracked 
| 237|0x000000008ed00000, 0x000000008ed00000, 0x000000008ee00000|  0%| F|  |TAMS 0x000000008ed00000, 0x000000008ed00000| Untracked 
| 238|0x000000008ee00000, 0x000000008ee00000, 0x000000008ef00000|  0%| F|  |TAMS 0x000000008ee00000, 0x000000008ee00000| Untracked 
| 239|0x000000008ef00000, 0x000000008ef00000, 0x000000008f000000|  0%| F|  |TAMS 0x000000008ef00000, 0x000000008ef00000| Untracked 
| 240|0x000000008f000000, 0x000000008f000000, 0x000000008f100000|  0%| F|  |TAMS 0x000000008f000000, 0x000000008f000000| Untracked 
| 241|0x000000008f100000, 0x000000008f100000, 0x000000008f200000|  0%| F|  |TAMS 0x000000008f100000, 0x000000008f100000| Untracked 
| 242|0x000000008f200000, 0x000000008f200000, 0x000000008f300000|  0%| F|  |TAMS 0x000000008f200000, 0x000000008f200000| Untracked 
| 243|0x000000008f300000, 0x000000008f300000, 0x000000008f400000|  0%| F|  |TAMS 0x000000008f300000, 0x000000008f300000| Untracked 
| 244|0x000000008f400000, 0x000000008f400000, 0x000000008f500000|  0%| F|  |TAMS 0x000000008f400000, 0x000000008f400000| Untracked 
| 245|0x000000008f500000, 0x000000008f500000, 0x000000008f600000|  0%| F|  |TAMS 0x000000008f500000, 0x000000008f500000| Untracked 
| 246|0x000000008f600000, 0x000000008f65f2f8, 0x000000008f700000| 37%| S|CS|TAMS 0x000000008f600000, 0x000000008f600000| Complete 
| 247|0x000000008f700000, 0x000000008f800000, 0x000000008f800000|100%| S|CS|TAMS 0x000000008f700000, 0x000000008f700000| Complete 
| 248|0x000000008f800000, 0x000000008f900000, 0x000000008f900000|100%| S|CS|TAMS 0x000000008f800000, 0x000000008f800000| Complete 
| 249|0x000000008f900000, 0x000000008fa00000, 0x000000008fa00000|100%| S|CS|TAMS 0x000000008f900000, 0x000000008f900000| Complete 
| 250|0x000000008fa00000, 0x000000008fb00000, 0x000000008fb00000|100%| S|CS|TAMS 0x000000008fa00000, 0x000000008fa00000| Complete 
| 251|0x000000008fb00000, 0x000000008fc00000, 0x000000008fc00000|100%| S|CS|TAMS 0x000000008fb00000, 0x000000008fb00000| Complete 
| 252|0x000000008fc00000, 0x000000008fc00000, 0x000000008fd00000|  0%| F|  |TAMS 0x000000008fc00000, 0x000000008fc00000| Untracked 
| 253|0x000000008fd00000, 0x000000008fd00000, 0x000000008fe00000|  0%| F|  |TAMS 0x000000008fd00000, 0x000000008fd00000| Untracked 
| 254|0x000000008fe00000, 0x000000008fe00000, 0x000000008ff00000|  0%| F|  |TAMS 0x000000008fe00000, 0x000000008fe00000| Untracked 
| 255|0x000000008ff00000, 0x000000008ff00000, 0x0000000090000000|  0%| F|  |TAMS 0x000000008ff00000, 0x000000008ff00000| Untracked 
| 256|0x0000000090000000, 0x0000000090000000, 0x0000000090100000|  0%| F|  |TAMS 0x0000000090000000, 0x0000000090000000| Untracked 
| 257|0x0000000090100000, 0x0000000090100000, 0x0000000090200000|  0%| F|  |TAMS 0x0000000090100000, 0x0000000090100000| Untracked 
| 258|0x0000000090200000, 0x00000000902ef6a0, 0x0000000090300000| 93%| E|  |TAMS 0x0000000090200000, 0x0000000090200000| Complete 
| 259|0x0000000090300000, 0x0000000090400000, 0x0000000090400000|100%| E|CS|TAMS 0x0000000090300000, 0x0000000090300000| Complete 
| 260|0x0000000090400000, 0x0000000090500000, 0x0000000090500000|100%| E|CS|TAMS 0x0000000090400000, 0x0000000090400000| Complete 
| 261|0x0000000090500000, 0x0000000090600000, 0x0000000090600000|100%| E|CS|TAMS 0x0000000090500000, 0x0000000090500000| Complete 
| 262|0x0000000090600000, 0x0000000090700000, 0x0000000090700000|100%| E|CS|TAMS 0x0000000090600000, 0x0000000090600000| Complete 
| 263|0x0000000090700000, 0x0000000090800000, 0x0000000090800000|100%| E|CS|TAMS 0x0000000090700000, 0x0000000090700000| Complete 
| 264|0x0000000090800000, 0x0000000090900000, 0x0000000090900000|100%| E|CS|TAMS 0x0000000090800000, 0x0000000090800000| Complete 
| 265|0x0000000090900000, 0x0000000090a00000, 0x0000000090a00000|100%| E|CS|TAMS 0x0000000090900000, 0x0000000090900000| Complete 
| 266|0x0000000090a00000, 0x0000000090b00000, 0x0000000090b00000|100%| E|CS|TAMS 0x0000000090a00000, 0x0000000090a00000| Complete 
| 267|0x0000000090b00000, 0x0000000090c00000, 0x0000000090c00000|100%| E|CS|TAMS 0x0000000090b00000, 0x0000000090b00000| Complete 
| 268|0x0000000090c00000, 0x0000000090d00000, 0x0000000090d00000|100%| E|CS|TAMS 0x0000000090c00000, 0x0000000090c00000| Complete 
| 269|0x0000000090d00000, 0x0000000090e00000, 0x0000000090e00000|100%| E|CS|TAMS 0x0000000090d00000, 0x0000000090d00000| Complete 
| 270|0x0000000090e00000, 0x0000000090f00000, 0x0000000090f00000|100%| E|CS|TAMS 0x0000000090e00000, 0x0000000090e00000| Complete 
| 271|0x0000000090f00000, 0x0000000091000000, 0x0000000091000000|100%| E|CS|TAMS 0x0000000090f00000, 0x0000000090f00000| Complete 
| 272|0x0000000091000000, 0x0000000091100000, 0x0000000091100000|100%| E|CS|TAMS 0x0000000091000000, 0x0000000091000000| Complete 
| 273|0x0000000091100000, 0x0000000091200000, 0x0000000091200000|100%| E|CS|TAMS 0x0000000091100000, 0x0000000091100000| Complete 
| 274|0x0000000091200000, 0x0000000091300000, 0x0000000091300000|100%| E|CS|TAMS 0x0000000091200000, 0x0000000091200000| Complete 
| 275|0x0000000091300000, 0x0000000091400000, 0x0000000091400000|100%| E|CS|TAMS 0x0000000091300000, 0x0000000091300000| Complete 
| 276|0x0000000091400000, 0x0000000091500000, 0x0000000091500000|100%| E|CS|TAMS 0x0000000091400000, 0x0000000091400000| Complete 
| 277|0x0000000091500000, 0x0000000091600000, 0x0000000091600000|100%| E|CS|TAMS 0x0000000091500000, 0x0000000091500000| Complete 
| 278|0x0000000091600000, 0x0000000091700000, 0x0000000091700000|100%| E|CS|TAMS 0x0000000091600000, 0x0000000091600000| Complete 
| 279|0x0000000091700000, 0x0000000091800000, 0x0000000091800000|100%| E|CS|TAMS 0x0000000091700000, 0x0000000091700000| Complete 
| 280|0x0000000091800000, 0x0000000091900000, 0x0000000091900000|100%| E|CS|TAMS 0x0000000091800000, 0x0000000091800000| Complete 
| 281|0x0000000091900000, 0x0000000091a00000, 0x0000000091a00000|100%| E|CS|TAMS 0x0000000091900000, 0x0000000091900000| Complete 
| 282|0x0000000091a00000, 0x0000000091b00000, 0x0000000091b00000|100%| E|CS|TAMS 0x0000000091a00000, 0x0000000091a00000| Complete 
| 283|0x0000000091b00000, 0x0000000091c00000, 0x0000000091c00000|100%| E|CS|TAMS 0x0000000091b00000, 0x0000000091b00000| Complete 
| 284|0x0000000091c00000, 0x0000000091d00000, 0x0000000091d00000|100%| E|CS|TAMS 0x0000000091c00000, 0x0000000091c00000| Complete 
| 285|0x0000000091d00000, 0x0000000091e00000, 0x0000000091e00000|100%| E|CS|TAMS 0x0000000091d00000, 0x0000000091d00000| Complete 
| 286|0x0000000091e00000, 0x0000000091f00000, 0x0000000091f00000|100%| E|CS|TAMS 0x0000000091e00000, 0x0000000091e00000| Complete 
| 287|0x0000000091f00000, 0x0000000092000000, 0x0000000092000000|100%| E|CS|TAMS 0x0000000091f00000, 0x0000000091f00000| Complete 
| 288|0x0000000092000000, 0x0000000092100000, 0x0000000092100000|100%| E|CS|TAMS 0x0000000092000000, 0x0000000092000000| Complete 
| 289|0x0000000092100000, 0x0000000092200000, 0x0000000092200000|100%| E|CS|TAMS 0x0000000092100000, 0x0000000092100000| Complete 
| 290|0x0000000092200000, 0x0000000092300000, 0x0000000092300000|100%| E|CS|TAMS 0x0000000092200000, 0x0000000092200000| Complete 

Card table byte_map: [0x000001a1c1da0000,0x000001a1c21a0000] _byte_map_base: 0x000001a1c19a0000

Marking Bits (Prev, Next): (CMBitMap*) 0x000001a1aeec98c0, (CMBitMap*) 0x000001a1aeec9888
 Prev Bits: [0x000001a1c45a0000, 0x000001a1c65a0000)
 Next Bits: [0x000001a1c25a0000, 0x000001a1c45a0000)

Polling page: 0x000001a1ace90000

Metaspace:

Usage:
  Non-class:     87.27 MB capacity,    85.73 MB ( 98%) used,     1.26 MB (  1%) free+waste,   288.50 KB ( <1%) overhead. 
      Class:     13.44 MB capacity,    12.52 MB ( 93%) used,   809.95 KB (  6%) free+waste,   128.00 KB ( <1%) overhead. 
       Both:    100.71 MB capacity,    98.26 MB ( 98%) used,     2.05 MB (  2%) free+waste,   416.50 KB ( <1%) overhead. 

Virtual space:
  Non-class space:       88.00 MB reserved,      87.50 MB (>99%) committed 
      Class space:        1.00 GB reserved,      13.50 MB (  1%) committed 
             Both:        1.09 GB reserved,     101.00 MB (  9%) committed 

Chunk freelists:
   Non-Class:  39.00 KB
       Class:  31.00 KB
        Both:  70.00 KB

MaxMetaspaceSize: 17179869184.00 GB
CompressedClassSpaceSize: 1.00 GB
Initial GC threshold: 20.80 MB
Current GC threshold: 159.17 MB
CDS: off

CodeHeap 'non-profiled nmethods': size=120064Kb used=8605Kb max_used=8605Kb free=111458Kb
 bounds [0x000001a1ba460000, 0x000001a1bacd0000, 0x000001a1c19a0000]
CodeHeap 'profiled nmethods': size=120000Kb used=29846Kb max_used=29846Kb free=90153Kb
 bounds [0x000001a1b2f30000, 0x000001a1b4c60000, 0x000001a1ba460000]
CodeHeap 'non-nmethods': size=5696Kb used=2429Kb max_used=2459Kb free=3267Kb
 bounds [0x000001a1b29a0000, 0x000001a1b2c20000, 0x000001a1b2f30000]
 total_blobs=14385 nmethods=13421 adapters=876
 compilation: enabled
              stopped_count=0, restarted_count=0
 full_count=0

Compilation events (20 events):
Event: 146.368 Thread 0x000001a1c93da800 nmethod 13524 0x000001a1bacc2c90 code [0x000001a1bacc2e40, 0x000001a1bacc3628]
Event: 146.368 Thread 0x000001a1c93da800 13525       4       java.lang.AbstractStringBuilder::append (33 bytes)
Event: 146.385 Thread 0x000001a1c93da800 nmethod 13525 0x000001a1bacc3a10 code [0x000001a1bacc3bc0, 0x000001a1bacc43c8]
Event: 146.385 Thread 0x000001a1c93da800 13526   !   4       java.io.Writer::write (52 bytes)
Event: 146.408 Thread 0x000001a1c93da800 nmethod 13526 0x000001a1bacc4790 code [0x000001a1bacc4960, 0x000001a1bacc5468]
Event: 146.408 Thread 0x000001a1c93da800 13527       4       org.apache.groovy.io.StringBuilderWriter::write (16 bytes)
Event: 146.431 Thread 0x000001a1c93da800 nmethod 13527 0x000001a1bacc5990 code [0x000001a1bacc5b40, 0x000001a1bacc6428]
Event: 146.449 Thread 0x000001a1c93da800 13528       4       java.security.SecureClassLoader$CodeSourceKey::hashCode (21 bytes)
Event: 146.459 Thread 0x000001a1c93da800 nmethod 13528 0x000001a1bacc6910 code [0x000001a1bacc6aa0, 0x000001a1bacc6cf8]
Event: 150.779 Thread 0x000001a1c93dc000 13529       3       org.gradle.internal.operations.CurrentBuildOperationRef::instance (4 bytes)
Event: 150.779 Thread 0x000001a1c93dc000 nmethod 13529 0x000001a1b4c54790 code [0x000001a1b4c54940, 0x000001a1b4c54a38]
Event: 150.779 Thread 0x000001a1c93dc000 13530       3       org.gradle.internal.operations.DefaultBuildOperationListenerManager$ProgressShieldingBuildOperationListener::progress (25 bytes)
Event: 150.780 Thread 0x000001a1c93dc000 nmethod 13530 0x000001a1b4c54b10 code [0x000001a1b4c54ce0, 0x000001a1b4c54fb8]
Event: 155.337 Thread 0x000001a1c93dc000 13531       1       org.gradle.cache.internal.DefaultFileLockManager$DefaultFileLock::access$300 (5 bytes)
Event: 155.341 Thread 0x000001a1c93dc000 nmethod 13531 0x000001a1bacc6e90 code [0x000001a1bacc7040, 0x000001a1bacc70d8]
Event: 157.566 Thread 0x000001a1c93da800 13532       4       java.util.stream.AbstractPipeline::sequential (10 bytes)
Event: 157.598 Thread 0x000001a1c93da800 nmethod 13532 0x000001a1bacc7190 code [0x000001a1bacc7320, 0x000001a1bacc7398]
Event: 162.116 Thread 0x000001a1c93dc000 13533       3       java.io.ObjectOutputStream$HandleTable::clear (27 bytes)
Event: 162.117 Thread 0x000001a1c93da800 13534       4       java.lang.reflect.AccessibleObject::checkCanSetAccessible (386 bytes)
Event: 162.119 Thread 0x000001a1c93dc000 nmethod 13533 0x000001a1b4c55110 code [0x000001a1b4c55300, 0x000001a1b4c55738]

GC Heap History (20 events):
Event: 83.161 GC heap before
{Heap before GC invocations=70 (full 0):
 garbage-first heap   total 159744K, used 129520K [0x0000000080000000, 0x0000000100000000)
  region size 1024K, 48 young (49152K), 6 survivors (6144K)
 Metaspace       used 88479K, capacity 90633K, committed 90752K, reserved 1128448K
  class space    used 11369K, capacity 12149K, committed 12160K, reserved 1048576K
}
Event: 83.222 GC heap after
{Heap after GC invocations=71 (full 0):
 garbage-first heap   total 159744K, used 90805K [0x0000000080000000, 0x0000000100000000)
  region size 1024K, 6 young (6144K), 6 survivors (6144K)
 Metaspace       used 88479K, capacity 90633K, committed 90752K, reserved 1128448K
  class space    used 11369K, capacity 12149K, committed 12160K, reserved 1048576K
}
Event: 85.160 GC heap before
{Heap before GC invocations=71 (full 0):
 garbage-first heap   total 159744K, used 130740K [0x0000000080000000, 0x0000000100000000)
  region size 1024K, 46 young (47104K), 6 survivors (6144K)
 Metaspace       used 90568K, capacity 92776K, committed 92800K, reserved 1130496K
  class space    used 11592K, capacity 12404K, committed 12416K, reserved 1048576K
}
Event: 85.223 GC heap after
{Heap after GC invocations=72 (full 0):
 garbage-first heap   total 192512K, used 92870K [0x0000000080000000, 0x0000000100000000)
  region size 1024K, 3 young (3072K), 3 survivors (3072K)
 Metaspace       used 90568K, capacity 92776K, committed 92800K, reserved 1130496K
  class space    used 11592K, capacity 12404K, committed 12416K, reserved 1048576K
}
Event: 88.073 GC heap before
{Heap before GC invocations=73 (full 0):
 garbage-first heap   total 192512K, used 146118K [0x0000000080000000, 0x0000000100000000)
  region size 1024K, 56 young (57344K), 3 survivors (3072K)
 Metaspace       used 92420K, capacity 94635K, committed 94848K, reserved 1132544K
  class space    used 11827K, capacity 12635K, committed 12672K, reserved 1048576K
}
Event: 88.091 GC heap after
{Heap after GC invocations=74 (full 0):
 garbage-first heap   total 192512K, used 94471K [0x0000000080000000, 0x0000000100000000)
  region size 1024K, 4 young (4096K), 4 survivors (4096K)
 Metaspace       used 92420K, capacity 94635K, committed 94848K, reserved 1132544K
  class space    used 11827K, capacity 12635K, committed 12672K, reserved 1048576K
}
Event: 122.001 GC heap before
{Heap before GC invocations=74 (full 0):
 garbage-first heap   total 192512K, used 152839K [0x0000000080000000, 0x0000000100000000)
  region size 1024K, 62 young (63488K), 4 survivors (4096K)
 Metaspace       used 94401K, capacity 96731K, committed 96896K, reserved 1132544K
  class space    used 12034K, capacity 12867K, committed 12928K, reserved 1048576K
}
Event: 123.189 GC heap after
{Heap after GC invocations=75 (full 0):
 garbage-first heap   total 192512K, used 98848K [0x0000000080000000, 0x0000000100000000)
  region size 1024K, 8 young (8192K), 8 survivors (8192K)
 Metaspace       used 94401K, capacity 96731K, committed 96896K, reserved 1132544K
  class space    used 12034K, capacity 12867K, committed 12928K, reserved 1048576K
}
Event: 123.614 GC heap before
{Heap before GC invocations=75 (full 0):
 garbage-first heap   total 192512K, used 99872K [0x0000000080000000, 0x0000000100000000)
  region size 1024K, 9 young (9216K), 8 survivors (8192K)
 Metaspace       used 94401K, capacity 96731K, committed 96896K, reserved 1132544K
  class space    used 12034K, capacity 12867K, committed 12928K, reserved 1048576K
}
Event: 123.720 GC heap after
{Heap after GC invocations=76 (full 0):
 garbage-first heap   total 192512K, used 99715K [0x0000000080000000, 0x0000000100000000)
  region size 1024K, 1 young (1024K), 1 survivors (1024K)
 Metaspace       used 94401K, capacity 96731K, committed 96896K, reserved 1132544K
  class space    used 12034K, capacity 12867K, committed 12928K, reserved 1048576K
}
Event: 124.122 GC heap before
{Heap before GC invocations=76 (full 0):
 garbage-first heap   total 192512K, used 106883K [0x0000000080000000, 0x0000000100000000)
  region size 1024K, 9 young (9216K), 1 survivors (1024K)
 Metaspace       used 94572K, capacity 96861K, committed 97152K, reserved 1134592K
  class space    used 12052K, capacity 12867K, committed 12928K, reserved 1048576K
}
Event: 124.131 GC heap after
{Heap after GC invocations=77 (full 0):
 garbage-first heap   total 192512K, used 100718K [0x0000000080000000, 0x0000000100000000)
  region size 1024K, 2 young (2048K), 2 survivors (2048K)
 Metaspace       used 94572K, capacity 96861K, committed 97152K, reserved 1134592K
  class space    used 12052K, capacity 12867K, committed 12928K, reserved 1048576K
}
Event: 127.086 GC heap before
{Heap before GC invocations=78 (full 0):
 garbage-first heap   total 192512K, used 156014K [0x0000000080000000, 0x0000000100000000)
  region size 1024K, 57 young (58368K), 2 survivors (2048K)
 Metaspace       used 95079K, capacity 97414K, committed 97536K, reserved 1134592K
  class space    used 12100K, capacity 12944K, committed 13056K, reserved 1048576K
}
Event: 127.129 GC heap after
{Heap after GC invocations=79 (full 0):
 garbage-first heap   total 192512K, used 103711K [0x0000000080000000, 0x0000000100000000)
  region size 1024K, 5 young (5120K), 5 survivors (5120K)
 Metaspace       used 95079K, capacity 97414K, committed 97536K, reserved 1134592K
  class space    used 12100K, capacity 12944K, committed 13056K, reserved 1048576K
}
Event: 127.619 GC heap before
{Heap before GC invocations=79 (full 0):
 garbage-first heap   total 192512K, used 106783K [0x0000000080000000, 0x0000000100000000)
  region size 1024K, 9 young (9216K), 5 survivors (5120K)
 Metaspace       used 95117K, capacity 97414K, committed 97536K, reserved 1134592K
  class space    used 12106K, capacity 12944K, committed 13056K, reserved 1048576K
}
Event: 127.699 GC heap after
{Heap after GC invocations=80 (full 0):
 garbage-first heap   total 192512K, used 104539K [0x0000000080000000, 0x0000000100000000)
  region size 1024K, 1 young (1024K), 1 survivors (1024K)
 Metaspace       used 95117K, capacity 97414K, committed 97536K, reserved 1134592K
  class space    used 12106K, capacity 12944K, committed 13056K, reserved 1048576K
}
Event: 130.246 GC heap before
{Heap before GC invocations=81 (full 0):
 garbage-first heap   total 192512K, used 143451K [0x0000000080000000, 0x0000000100000000)
  region size 1024K, 40 young (40960K), 1 survivors (1024K)
 Metaspace       used 96896K, capacity 99186K, committed 99200K, reserved 1134592K
  class space    used 12315K, capacity 13171K, committed 13184K, reserved 1048576K
}
Event: 130.274 GC heap after
{Heap after GC invocations=82 (full 0):
 garbage-first heap   total 297984K, used 106672K [0x0000000080000000, 0x0000000100000000)
  region size 1024K, 4 young (4096K), 4 survivors (4096K)
 Metaspace       used 96896K, capacity 99186K, committed 99200K, reserved 1134592K
  class space    used 12315K, capacity 13171K, committed 13184K, reserved 1048576K
}
Event: 132.573 GC heap before
{Heap before GC invocations=82 (full 0):
 garbage-first heap   total 297984K, used 146608K [0x0000000080000000, 0x0000000100000000)
  region size 1024K, 43 young (44032K), 4 survivors (4096K)
 Metaspace       used 98156K, capacity 100466K, committed 100736K, reserved 1136640K
  class space    used 12454K, capacity 13316K, committed 13440K, reserved 1048576K
}
Event: 132.584 GC heap after
{Heap after GC invocations=83 (full 0):
 garbage-first heap   total 297984K, used 109037K [0x0000000080000000, 0x0000000100000000)
  region size 1024K, 6 young (6144K), 6 survivors (6144K)
 Metaspace       used 98156K, capacity 100466K, committed 100736K, reserved 1136640K
  class space    used 12454K, capacity 13316K, committed 13440K, reserved 1048576K
}

Deoptimization events (20 events):
Event: 138.650 Thread 0x000001a1cd92d800 DEOPT PACKING pc=0x000001a1ba8af204 sp=0x00000085302fd310
Event: 138.650 Thread 0x000001a1cd92d800 DEOPT UNPACKING pc=0x000001a1b29ea1af sp=0x00000085302fd198 mode 2
Event: 138.651 Thread 0x000001a1cd92d800 DEOPT PACKING pc=0x000001a1b4985327 sp=0x00000085302fc9f0
Event: 138.651 Thread 0x000001a1cd92d800 DEOPT UNPACKING pc=0x000001a1b29ea95e sp=0x00000085302fbf68 mode 0
Event: 144.958 Thread 0x000001a1c9f2a000 DEOPT PACKING pc=0x000001a1b4c19dc4 sp=0x0000008530afeb30
Event: 144.959 Thread 0x000001a1c9f2a000 DEOPT UNPACKING pc=0x000001a1b29ea95e sp=0x0000008530afe0d0 mode 0
Event: 145.050 Thread 0x000001a1c9f2a000 DEOPT PACKING pc=0x000001a1b4c19dc4 sp=0x0000008530afeb30
Event: 145.051 Thread 0x000001a1c9f2a000 DEOPT UNPACKING pc=0x000001a1b29ea95e sp=0x0000008530afe0d0 mode 0
Event: 145.315 Thread 0x000001a1c9f2a000 DEOPT PACKING pc=0x000001a1b4c19dc4 sp=0x0000008530afeb30
Event: 145.319 Thread 0x000001a1c9f2a000 DEOPT UNPACKING pc=0x000001a1b29ea95e sp=0x0000008530afe0d0 mode 0
Event: 145.501 Thread 0x000001a1c9f2a000 DEOPT PACKING pc=0x000001a1b4c19dc4 sp=0x0000008530afeb30
Event: 145.501 Thread 0x000001a1c9f2a000 DEOPT UNPACKING pc=0x000001a1b29ea95e sp=0x0000008530afe0d0 mode 0
Event: 145.715 Thread 0x000001a1c9f2a000 DEOPT PACKING pc=0x000001a1b4c19dc4 sp=0x0000008530afeb30
Event: 145.715 Thread 0x000001a1c9f2a000 DEOPT UNPACKING pc=0x000001a1b29ea95e sp=0x0000008530afe0d0 mode 0
Event: 145.768 Thread 0x000001a1c9f2a000 DEOPT PACKING pc=0x000001a1b4c19dc4 sp=0x0000008530afeb30
Event: 145.769 Thread 0x000001a1c9f2a000 DEOPT UNPACKING pc=0x000001a1b29ea95e sp=0x0000008530afe0d0 mode 0
Event: 150.774 Thread 0x000001a1cfb9c000 Uncommon trap: trap_request=0xfffffff4 fr.pc=0x000001a1baa0b800 relative=0x0000000000001220
Event: 150.774 Thread 0x000001a1cfb9c000 Uncommon trap: reason=null_check action=make_not_entrant pc=0x000001a1baa0b800 method=org.gradle.internal.logging.sink.OutputEventTransformer.onOutput(Lorg/gradle/internal/logging/events/OutputEvent;)V @ 358 c2
Event: 150.774 Thread 0x000001a1cfb9c000 DEOPT PACKING pc=0x000001a1baa0b800 sp=0x0000008534dfe780
Event: 150.774 Thread 0x000001a1cfb9c000 DEOPT UNPACKING pc=0x000001a1b29ea1af sp=0x0000008534dfe758 mode 2

Classes redefined (0 events):
No events

Internal exceptions (20 events):
Event: 136.671 Thread 0x000001a1cd92d800 Exception <a 'java/lang/NoSuchMethodError'{0x00000000909838d8}: 'java.lang.Object java.lang.invoke.DirectMethodHandle$Holder.invokeStatic(java.lang.Object, java.lang.Object, java.lang.Object, java.lang.Object, java.lang.Object, java.lang.Object, java.lang.Object, java.lang.Object, int, int)'> (0x00000000909838d8) thrown at [./src/hotspot/share/interpreter/linkResolver.cpp, line 773]
Event: 136.678 Thread 0x000001a1cd92d800 Exception <a 'java/lang/NoSuchMethodError'{0x000000009099f280}: 'java.lang.Object java.lang.invoke.DirectMethodHandle$Holder.invokeStatic(java.lang.Object, java.lang.Object, java.lang.Object, java.lang.Object, java.lang.Object, java.lang.Object, java.lang.Object, java.lang.Object, int, int, java.lang.Object)'> (0x000000009099f280) thrown at [./src/hotspot/share/interpreter/linkResolver.cpp, line 773]
Event: 136.680 Thread 0x000001a1cd92d800 Exception <a 'java/lang/NoSuchMethodError'{0x00000000909bbd58}: 'java.lang.Object java.lang.invoke.DirectMethodHandle$Holder.invokeStatic(java.lang.Object, java.lang.Object, java.lang.Object, java.lang.Object, java.lang.Object, java.lang.Object, java.lang.Object, java.lang.Object, int, int, java.lang.Object, java.lang.Object)'> (0x00000000909bbd58) thrown at [./src/hotspot/share/interpreter/linkResolver.cpp, line 773]
Event: 136.711 Thread 0x000001a1cd92d800 Exception <a 'java/lang/NoSuchMethodError'{0x00000000909edec0}: <clinit>> (0x00000000909edec0) thrown at [./src/hotspot/share/prims/jni.cpp, line 1366]
Event: 136.716 Thread 0x000001a1cd92d800 Exception <a 'java/lang/NoSuchMethodError'{0x0000000090810498}: <clinit>> (0x0000000090810498) thrown at [./src/hotspot/share/prims/jni.cpp, line 1366]
Event: 136.737 Thread 0x000001a1cfb94800 Exception <a 'java/lang/InterruptedException'{0x0000000090880800}> (0x0000000090880800) thrown at [./src/hotspot/share/runtime/objectMonitor.cpp, line 1635]
Event: 136.742 Thread 0x000001a1cfb94800 Exception <a 'java/lang/NoSuchMethodError'{0x0000000090888610}: 'java.lang.Object java.lang.invoke.DirectMethodHandle$Holder.invokeStatic(java.lang.Object, java.lang.Object, int, java.lang.Object, long)'> (0x0000000090888610) thrown at [./src/hotspot/share/interpreter/linkResolver.cpp, line 773]
Event: 136.790 Thread 0x000001a1cd92d800 Exception <a 'java/lang/NoSuchMethodError'{0x0000000090853d20}: <clinit>> (0x0000000090853d20) thrown at [./src/hotspot/share/prims/jni.cpp, line 1366]
Event: 136.791 Thread 0x000001a1cd92d800 Exception <a 'java/lang/NoSuchMethodError'{0x00000000908601a8}: <clinit>> (0x00000000908601a8) thrown at [./src/hotspot/share/prims/jni.cpp, line 1366]
Event: 136.793 Thread 0x000001a1cd92d800 Exception <a 'java/lang/NoSuchMethodError'{0x000000009086cfc8}: <clinit>> (0x000000009086cfc8) thrown at [./src/hotspot/share/prims/jni.cpp, line 1366]
Event: 136.802 Thread 0x000001a1cd92d800 Exception <a 'java/lang/NoSuchMethodError'{0x00000000908a1178}: <clinit>> (0x00000000908a1178) thrown at [./src/hotspot/share/prims/jni.cpp, line 1366]
Event: 136.898 Thread 0x000001a1cd92d800 Exception <a 'java/lang/NoSuchMethodError'{0x00000000906497c8}: <clinit>> (0x00000000906497c8) thrown at [./src/hotspot/share/prims/jni.cpp, line 1366]
Event: 137.279 Thread 0x000001a1cfb99800 Exception <a 'java/lang/NoSuchMethodError'{0x0000000090443df8}: 'java.lang.Object java.lang.invoke.DirectMethodHandle$Holder.invokeStatic(java.lang.Object, java.lang.Object, java.lang.Object, java.lang.Object, java.lang.Object, java.lang.Object, java.lang.Object, java.lang.Object, java.lang.Object, java.lang.Object, java.lang.Object, java.lang.Object, java.lang.Object, int)'> (0x0000000090443df8) thrown at [./src/hotspot/share/interpreter/linkResolver.cpp, line 773]
Event: 137.281 Thread 0x000001a1cfb99800 Exception <a 'java/lang/NoSuchMethodError'{0x0000000090450ad0}: 'java.lang.Object java.lang.invoke.DirectMethodHandle$Holder.invokeStatic(java.lang.Object, java.lang.Object, java.lang.Object, java.lang.Object, java.lang.Object, java.lang.Object, java.lang.Object, java.lang.Object, java.lang.Object, java.lang.Object, java.lang.Object, java.lang.Object, java.lang.Object, int, int)'> (0x0000000090450ad0) thrown at [./src/hotspot/share/interpreter/linkResolver.cpp, line 773]
Event: 138.621 Thread 0x000001a1cd92d800 Exception <a 'sun/net/ConnectionResetException'{0x00000000905c26f8}: > (0x00000000905c26f8) thrown at [./src/hotspot/share/prims/jni.cpp, line 637]
Event: 138.622 Thread 0x000001a1cfb99800 Exception <a 'sun/net/ConnectionResetException'{0x000000009047b8a0}: > (0x000000009047b8a0) thrown at [./src/hotspot/share/prims/jni.cpp, line 637]
Event: 140.706 Thread 0x000001a1cd92d800 Exception <a 'java/net/ConnectException'{0x00000000905e3668}: Connection refused: connect> (0x00000000905e3668) thrown at [./src/hotspot/share/prims/jni.cpp, line 637]
Event: 142.761 Thread 0x000001a1cd92d800 Exception <a 'java/net/ConnectException'{0x00000000905e4200}: Connection refused: connect> (0x00000000905e4200) thrown at [./src/hotspot/share/prims/jni.cpp, line 637]
Event: 144.834 Thread 0x000001a1cd92d800 Exception <a 'java/net/ConnectException'{0x00000000905e4c88}: Connection refused: connect> (0x00000000905e4c88) thrown at [./src/hotspot/share/prims/jni.cpp, line 637]
Event: 150.774 Thread 0x000001a1cfb9c000 Implicit null exception at 0x000001a1baa0b1c4 to 0x000001a1baa0b7f4

Events (20 events):
Event: 146.459 loading class org/jetbrains/kotlin/cli/common/messages/MessageRenderer$1 done
Event: 146.469 loading class org/jetbrains/kotlin/cli/common/messages/PlainTextMessageRenderer
Event: 146.469 loading class org/jetbrains/kotlin/cli/common/messages/PlainTextMessageRenderer done
Event: 146.477 loading class org/jetbrains/kotlin/cli/common/messages/MessageRenderer$2
Event: 146.477 loading class org/jetbrains/kotlin/cli/common/messages/MessageRenderer$2 done
Event: 146.479 loading class org/jetbrains/kotlin/cli/common/messages/MessageRenderer$3
Event: 146.479 loading class org/jetbrains/kotlin/cli/common/messages/MessageRenderer$3 done
Event: 146.480 loading class org/jetbrains/kotlin/cli/common/messages/MessageRenderer$4
Event: 146.480 loading class org/jetbrains/kotlin/cli/common/messages/MessageRenderer$4 done
Event: 146.542 loading class org/jetbrains/kotlin/compilerRunner/ReportUtilsKt$runToolInSeparateProcess$readErrThread$1
Event: 146.542 loading class org/jetbrains/kotlin/compilerRunner/ReportUtilsKt$runToolInSeparateProcess$readErrThread$1 done
Event: 146.545 Thread 0x000001a1cfb9c000 Thread added: 0x000001a1cfb9c000
Event: 146.548 loading class org/jetbrains/kotlin/compilerRunner/ReportUtilsKt$runToolInSeparateProcess$readErrThread$1$1
Event: 146.548 loading class org/jetbrains/kotlin/compilerRunner/ReportUtilsKt$runToolInSeparateProcess$readErrThread$1$1 done
Event: 146.548 loading class org/jetbrains/kotlin/compilerRunner/ReportUtilsKt$runToolInSeparateProcess$1
Event: 146.548 loading class org/jetbrains/kotlin/compilerRunner/ReportUtilsKt$runToolInSeparateProcess$1 done
Event: 151.651 Executing VM operation: RevokeBias
Event: 151.652 Executing VM operation: RevokeBias done
Event: 151.808 Executing VM operation: RevokeBias
Event: 151.808 Executing VM operation: RevokeBias done


Dynamic libraries:
0x00007ff7aae50000 - 0x00007ff7aae5a000 	C:\Program Files\Android\Android Studio\jre\bin\java.exe
0x00007ff8a4d50000 - 0x00007ff8a4f64000 	C:\WINDOWS\SYSTEM32\ntdll.dll
0x00007ff8a31b0000 - 0x00007ff8a3273000 	C:\WINDOWS\System32\KERNEL32.DLL
0x00007ff8a2230000 - 0x00007ff8a25cc000 	C:\WINDOWS\System32\KERNELBASE.dll
0x00007ff8a2980000 - 0x00007ff8a2a91000 	C:\WINDOWS\System32\ucrtbase.dll
0x00007ff89bf00000 - 0x00007ff89bf19000 	C:\Program Files\Android\Android Studio\jre\bin\jli.dll
0x00007ff89be30000 - 0x00007ff89be47000 	C:\Program Files\Android\Android Studio\jre\bin\VCRUNTIME140.dll
0x00007ff8a2f00000 - 0x00007ff8a30ad000 	C:\WINDOWS\System32\USER32.dll
0x00007ff8a2200000 - 0x00007ff8a2226000 	C:\WINDOWS\System32\win32u.dll
0x00007ff8a4ce0000 - 0x00007ff8a4d09000 	C:\WINDOWS\System32\GDI32.dll
0x00007ff8a2860000 - 0x00007ff8a2972000 	C:\WINDOWS\System32\gdi32full.dll
0x00007ff8a2740000 - 0x00007ff8a27da000 	C:\WINDOWS\System32\msvcp_win.dll
0x00007ff88d2f0000 - 0x00007ff88d57e000 	C:\WINDOWS\WinSxS\amd64_microsoft.windows.common-controls_6595b64144ccf1df_6.0.22621.608_none_a9444ca7c10bb01d\COMCTL32.dll
0x00007ff8a4c30000 - 0x00007ff8a4cd7000 	C:\WINDOWS\System32\msvcrt.dll
0x00007ff8a48e0000 - 0x00007ff8a4912000 	C:\WINDOWS\System32\IMM32.DLL
0x00007ff88eb50000 - 0x00007ff88ebed000 	C:\Program Files\Android\Android Studio\jre\bin\msvcp140.dll
0x00007ff823360000 - 0x00007ff823e62000 	C:\Program Files\Android\Android Studio\jre\bin\server\jvm.dll
0x00007ff8a3510000 - 0x00007ff8a35be000 	C:\WINDOWS\System32\ADVAPI32.dll
0x00007ff8a4400000 - 0x00007ff8a44a4000 	C:\WINDOWS\System32\sechost.dll
0x00007ff8a4a70000 - 0x00007ff8a4b85000 	C:\WINDOWS\System32\RPCRT4.dll
0x00007ff8a4b90000 - 0x00007ff8a4b98000 	C:\WINDOWS\System32\PSAPI.DLL
0x00007ff89adc0000 - 0x00007ff89adf4000 	C:\WINDOWS\SYSTEM32\WINMM.dll
0x00007ff89a7d0000 - 0x00007ff89a7da000 	C:\WINDOWS\SYSTEM32\VERSION.dll
0x00007ff89f1a0000 - 0x00007ff89f1a9000 	C:\WINDOWS\SYSTEM32\WSOCK32.dll
0x00007ff8a4940000 - 0x00007ff8a49b1000 	C:\WINDOWS\System32\WS2_32.dll
0x00007ff8a11a0000 - 0x00007ff8a11b8000 	C:\WINDOWS\SYSTEM32\kernel.appcore.dll
0x00007ff891af0000 - 0x00007ff891b01000 	C:\Program Files\Android\Android Studio\jre\bin\verify.dll
0x00007ff89fb30000 - 0x00007ff89fd5e000 	C:\WINDOWS\SYSTEM32\DBGHELP.DLL
0x00007ff8a4550000 - 0x00007ff8a48da000 	C:\WINDOWS\System32\combase.dll
0x00007ff8a3290000 - 0x00007ff8a3367000 	C:\WINDOWS\System32\OLEAUT32.dll
0x00007ff8893a0000 - 0x00007ff8893d2000 	C:\WINDOWS\SYSTEM32\dbgcore.DLL
0x00007ff8a27e0000 - 0x00007ff8a285b000 	C:\WINDOWS\System32\bcryptPrimitives.dll
0x00007ff88a810000 - 0x00007ff88a839000 	C:\Program Files\Android\Android Studio\jre\bin\java.dll
0x00007ff89bd70000 - 0x00007ff89bd7b000 	C:\Program Files\Android\Android Studio\jre\bin\jimage.dll
0x00007ff88e120000 - 0x00007ff88e138000 	C:\Program Files\Android\Android Studio\jre\bin\zip.dll
0x00007ff8a36e0000 - 0x00007ff8a3ecf000 	C:\WINDOWS\System32\SHELL32.dll
0x00007ff8a0160000 - 0x00007ff8a0a28000 	C:\WINDOWS\SYSTEM32\windows.storage.dll
0x00007ff8a0020000 - 0x00007ff8a015e000 	C:\WINDOWS\SYSTEM32\wintypes.dll
0x00007ff8a2e00000 - 0x00007ff8a2ef1000 	C:\WINDOWS\System32\SHCORE.dll
0x00007ff8a2b60000 - 0x00007ff8a2bbe000 	C:\WINDOWS\System32\shlwapi.dll
0x00007ff8a20c0000 - 0x00007ff8a20e1000 	C:\WINDOWS\SYSTEM32\profapi.dll
0x00007ff87c840000 - 0x00007ff87c85a000 	C:\Program Files\Android\Android Studio\jre\bin\net.dll
0x00007ff899d20000 - 0x00007ff899e4f000 	C:\WINDOWS\SYSTEM32\WINHTTP.dll
0x00007ff8a1600000 - 0x00007ff8a1669000 	C:\WINDOWS\system32\mswsock.dll
0x00007ff86dee0000 - 0x00007ff86def4000 	C:\Program Files\Android\Android Studio\jre\bin\nio.dll
0x00007ff85f850000 - 0x00007ff85f877000 	C:\Users\Rohit Sah\.gradle\native\e1d6ef7f7dcc3fd88c89a11ec53ec762bb8ba0a96d01ffa2cd45eb1d1d8dd5c5\windows-amd64\native-platform.dll
0x00007ff86b760000 - 0x00007ff86b8a4000 	C:\Users\Rohit Sah\.gradle\native\0d407fdbe67a94daf76414ababcb853783967236a71b16ec16e742cd7a986fd3\windows-amd64\native-platform-file-events.dll
0x00007ff891b70000 - 0x00007ff891b7a000 	C:\Program Files\Android\Android Studio\jre\bin\management.dll
0x00007ff88fe10000 - 0x00007ff88fe1d000 	C:\Program Files\Android\Android Studio\jre\bin\management_ext.dll
0x00007ff8a1920000 - 0x00007ff8a193b000 	C:\WINDOWS\SYSTEM32\CRYPTSP.dll
0x00007ff8a1110000 - 0x00007ff8a1145000 	C:\WINDOWS\system32\rsaenh.dll
0x00007ff8a16a0000 - 0x00007ff8a16c8000 	C:\WINDOWS\SYSTEM32\USERENV.dll
0x00007ff8a1a60000 - 0x00007ff8a1a88000 	C:\WINDOWS\SYSTEM32\bcrypt.dll
0x00007ff8a1900000 - 0x00007ff8a190c000 	C:\WINDOWS\SYSTEM32\CRYPTBASE.dll
0x00007ff8a0c80000 - 0x00007ff8a0cad000 	C:\WINDOWS\SYSTEM32\IPHLPAPI.DLL
0x00007ff8a44b0000 - 0x00007ff8a44b9000 	C:\WINDOWS\System32\NSI.dll
0x00007ff89a7e0000 - 0x00007ff89a7f9000 	C:\WINDOWS\SYSTEM32\dhcpcsvc6.DLL
0x00007ff899f20000 - 0x00007ff899f3f000 	C:\WINDOWS\SYSTEM32\dhcpcsvc.DLL
0x00007ff8a0cf0000 - 0x00007ff8a0de3000 	C:\WINDOWS\SYSTEM32\DNSAPI.dll
0x00007ff88fc80000 - 0x00007ff88fc9e000 	C:\Users\Rohit Sah\AppData\Local\Temp\native-platform9401153233013992718dir\native-platform.dll
0x00007ff890080000 - 0x00007ff890088000 	C:\Program Files\Android\Android Studio\jre\bin\rmi.dll

dbghelp: loaded successfully - version: 4.0.5 - missing functions: none
symbol engine: initialized successfully - sym options: 0x614 - pdb path: .;C:\Program Files\Android\Android Studio\jre\bin;C:\WINDOWS\SYSTEM32;C:\WINDOWS\WinSxS\amd64_microsoft.windows.common-controls_6595b64144ccf1df_6.0.22621.608_none_a9444ca7c10bb01d;C:\Program Files\Android\Android Studio\jre\bin\server;C:\Users\Rohit Sah\.gradle\native\e1d6ef7f7dcc3fd88c89a11ec53ec762bb8ba0a96d01ffa2cd45eb1d1d8dd5c5\windows-amd64;C:\Users\Rohit Sah\.gradle\native\0d407fdbe67a94daf76414ababcb853783967236a71b16ec16e742cd7a986fd3\windows-amd64;C:\Users\Rohit Sah\AppData\Local\Temp\native-platform9401153233013992718dir

VM Arguments:
jvm_args: --add-opens=java.base/java.util=ALL-UNNAMED --add-opens=java.base/java.lang=ALL-UNNAMED --add-opens=java.base/java.lang.invoke=ALL-UNNAMED --add-opens=java.base/java.util=ALL-UNNAMED --add-opens=java.prefs/java.util.prefs=ALL-UNNAMED --add-opens=java.prefs/java.util.prefs=ALL-UNNAMED --add-opens=java.base/java.nio.charset=ALL-UNNAMED --add-opens=java.base/java.net=ALL-UNNAMED --add-opens=java.base/java.util.concurrent.atomic=ALL-UNNAMED -Xmx2048m -Dfile.encoding=UTF-8 -Duser.country=IN -Duser.language=en -Duser.variant 
java_command: org.gradle.launcher.daemon.bootstrap.GradleDaemon 7.4
java_class_path (initial): C:\Users\Rohit Sah\.gradle\wrapper\dists\gradle-7.4-bin\c0gwcg53nkjbqw7r0h0umtfvt\gradle-7.4\lib\gradle-launcher-7.4.jar
Launcher Type: SUN_STANDARD

[Global flags]
     intx CICompilerCount                          = 3                                         {product} {ergonomic}
     uint ConcGCThreads                            = 1                                         {product} {ergonomic}
     uint G1ConcRefinementThreads                  = 4                                         {product} {ergonomic}
   size_t G1HeapRegionSize                         = 1048576                                   {product} {ergonomic}
    uintx GCDrainStackTargetSize                   = 64                                        {product} {ergonomic}
   size_t InitialHeapSize                          = 65011712                                  {product} {ergonomic}
   size_t MarkStackSize                            = 4194304                                   {product} {ergonomic}
   size_t MaxHeapSize                              = 2147483648                                {product} {command line}
   size_t MaxNewSize                               = 1287651328                                {product} {ergonomic}
   size_t MinHeapDeltaBytes                        = 1048576                                   {product} {ergonomic}
    uintx NonNMethodCodeHeapSize                   = 5830732                                {pd product} {ergonomic}
    uintx NonProfiledCodeHeapSize                  = 122913754                              {pd product} {ergonomic}
    uintx ProfiledCodeHeapSize                     = 122913754                              {pd product} {ergonomic}
    uintx ReservedCodeCacheSize                    = 251658240                              {pd product} {ergonomic}
     bool SegmentedCodeCache                       = true                                      {product} {ergonomic}
     bool UseCompressedClassPointers               = true                                 {lp64_product} {ergonomic}
     bool UseCompressedOops                        = true                                 {lp64_product} {ergonomic}
     bool UseG1GC                                  = true                                      {product} {ergonomic}
     bool UseLargePagesIndividualAllocation        = false                                  {pd product} {ergonomic}

Logging:
Log output configuration:
 #0: stdout all=warning uptime,level,tags
 #1: stderr all=off uptime,level,tags

Environment Variables:
PATH=C:\Program Files\Java\jdk-18.0.1.1\bin;C:\Program Files\Common Files\Oracle\Java\javapath;C:\WINDOWS\system32;C:\WINDOWS;C:\WINDOWS\System32\Wbem;C:\WINDOWS\System32\WindowsPowerShell\v1.0\;C:\WINDOWS\System32\OpenSSH\;C:\TDM-GCC-64\bin;C:\Program Files\nodejs\;C:\Users\Rohit Sah\AppData\Local\Programs\Python\Python39\Scripts\;C:\Users\Rohit Sah\AppData\Local\Programs\Python\Python39\;C:\Users\Rohit Sah\AppData\Local\Microsoft\WindowsApps;C:\Users\Rohit Sah\AppData\Local\Programs\Microsoft VS Code\bin;C:\Users\Rohit Sah\AppData\Roaming\npm
USERNAME=Krishna
OS=Windows_NT
PROCESSOR_IDENTIFIER=Intel64 Family 6 Model 142 Stepping 12, GenuineIntel



---------------  S Y S T E M  ---------------

OS: Windows 11 , 64 bit Build 22621 (10.0.22621.1194)
OS uptime: 1 days 4:44 hours
Hyper-V role detected

CPU:total 4 (initial active 4) (2 cores per cpu, 2 threads per core) family 6 model 142 stepping 12 microcode 0xea, cmov, cx8, fxsr, mmx, sse, sse2, sse3, ssse3, sse4.1, sse4.2, popcnt, avx, avx2, aes, clmul, erms, 3dnowpref, lzcnt, ht, tsc, tscinvbit, bmi1, bmi2, adx, fma

Memory: 4k page, system-wide physical 3948M (111M free)
TotalPageFile size 16236M (AvailPageFile size 2M)
current process WorkingSet (physical memory assigned to process): 51M, peak: 323M
current process commit charge ("private bytes"): 574M, peak: 596M

vm_info: OpenJDK 64-Bit Server VM (11.0.13+0-b1751.21-8125866) for windows-amd64 JRE (11.0.13+0-b1751.21-8125866), built on Feb  2 2022 03:00:22 by "builder" with MS VC++ 14.0 (VS2015)

END.
